2022-11-30 15:00:47,486 [INFO] Activator:177 - 


2022-11-30 15:00:47,486 [INFO] Activator:178 - !SESSION log4j initialized
2022-11-30 15:00:53,917 [INFO] McuFinderGlobals:44 - Set McuFinder mode to 2 (CubeIDE integrated)
2022-11-30 15:00:54,082 [INFO] ApplicationProperties:181 - Using Application install path: C:\ST\STM32CubeIDE_1.10.1\STM32CubeIDE\plugins\com.st.stm32cube.common.mx_6.6.1.202207061420
2022-11-30 15:00:54,097 [INFO] DbMcusXml:77 - Set database path to: C:\ST\STM32CubeIDE_1.10.1\STM32CubeIDE\plugins\com.st.stm32cube.common.mx_6.6.1.202207061420\\db\/mcu/
2022-11-30 15:00:54,097 [INFO] ApiDb:269 - Set plugin database path to: C:\ST\STM32CubeIDE_1.10.1\STM32CubeIDE\plugins\com.st.stm32cube.common.mx_6.6.1.202207061420\\db\/plugins/boardmanager/
2022-11-30 15:00:54,097 [WARN] ApiDb:254 - Overriding images path with different value:  => C:\ST\STM32CubeIDE_1.10.1\STM32CubeIDE\plugins\com.st.stm32cube.common.mx_6.6.1.202207061420\\db\/plugins/mcufinder/images/
2022-11-30 15:00:54,129 [INFO] ApiDb:249 - Set database path to: C:\Users\bobze\.stmcufinder\plugins\mcufinder//mcu/
2022-11-30 15:00:54,129 [INFO] DbMcusAds:124 - Set database path to: C:\Users\bobze\.stmcufinder\plugins\mcufinder//mcu/
2022-11-30 15:00:54,129 [INFO] CrossReferenceDbSqlite:201 - Set database path to: C:\Users\bobze\.stmcufinder\plugins\mcufinder//mcu/cs/
2022-11-30 15:00:54,213 [INFO] RulesReader:61 - Compatibility file has been processed (282 Rules)
2022-11-30 15:00:54,298 [INFO] DbMcusXml:77 - Set database path to: C:\ST\STM32CubeIDE_1.10.1\STM32CubeIDE\plugins\com.st.stm32cube.common.mx_6.6.1.202207061420\\db\/mcu/
2022-11-30 15:00:54,298 [INFO] ApiDb:269 - Set plugin database path to: C:\ST\STM32CubeIDE_1.10.1\STM32CubeIDE\plugins\com.st.stm32cube.common.mx_6.6.1.202207061420\\db\/plugins/boardmanager/
2022-11-30 15:00:54,298 [INFO] ApiDb:256 - Set plugin images path to: C:\ST\STM32CubeIDE_1.10.1\STM32CubeIDE\plugins\com.st.stm32cube.common.mx_6.6.1.202207061420\\db\/plugins/mcufinder/images/
2022-11-30 15:00:54,298 [WARN] DbFile:40 - Overriding database path with different value: C:\Users\bobze\.stmcufinder\plugins\mcufinder/ => C:\Users\bobze\.stmcufinder\plugins\mcufinder
2022-11-30 15:00:54,298 [INFO] ApiDb:249 - Set database path to: C:\Users\bobze\.stmcufinder\plugins\mcufinder//mcu/
2022-11-30 15:00:54,298 [WARN] DbFile:40 - Overriding database path with different value: C:\Users\bobze\.stmcufinder\plugins\mcufinder/ => C:\Users\bobze\.stmcufinder\plugins\mcufinder
2022-11-30 15:00:54,298 [INFO] DbMcusAds:124 - Set database path to: C:\Users\bobze\.stmcufinder\plugins\mcufinder//mcu/
2022-11-30 15:00:54,298 [WARN] DbFile:40 - Overriding database path with different value: C:\Users\bobze\.stmcufinder\plugins\mcufinder/ => C:\Users\bobze\.stmcufinder\plugins\mcufinder
2022-11-30 15:00:54,298 [WARN] DbFile:40 - Overriding database path with different value: C:\Users\bobze\.stmcufinder\plugins\mcufinder/ => C:\Users\bobze\.stmcufinder\plugins\mcufinder
2022-11-30 15:00:54,298 [INFO] CrossReferenceDbSqlite:201 - Set database path to: C:\Users\bobze\.stmcufinder\plugins\mcufinder//mcu/cs/
2022-11-30 15:00:54,383 [INFO] MainPanel:242 - HeapMemory: 268435456
2022-11-30 15:00:54,476 [INFO] DbMcusXml:77 - Set database path to: C:\ST\STM32CubeIDE_1.10.1\STM32CubeIDE\plugins\com.st.stm32cube.common.mx_6.6.1.202207061420\\db\/mcu/
2022-11-30 15:00:54,476 [INFO] ApiDb:269 - Set plugin database path to: C:\ST\STM32CubeIDE_1.10.1\STM32CubeIDE\plugins\com.st.stm32cube.common.mx_6.6.1.202207061420\\db\/plugins/boardmanager/
2022-11-30 15:00:54,476 [INFO] ApiDb:256 - Set plugin images path to: C:\ST\STM32CubeIDE_1.10.1\STM32CubeIDE\plugins\com.st.stm32cube.common.mx_6.6.1.202207061420\\db\/plugins/mcufinder/images/
2022-11-30 15:00:54,476 [WARN] DbFile:40 - Overriding database path with different value: C:\Users\bobze\.stmcufinder\plugins\mcufinder/ => C:\Users\bobze\.stmcufinder\plugins\mcufinder
2022-11-30 15:00:54,476 [INFO] ApiDb:249 - Set database path to: C:\Users\bobze\.stmcufinder\plugins\mcufinder//mcu/
2022-11-30 15:00:54,476 [WARN] DbFile:40 - Overriding database path with different value: C:\Users\bobze\.stmcufinder\plugins\mcufinder/ => C:\Users\bobze\.stmcufinder\plugins\mcufinder
2022-11-30 15:00:54,476 [INFO] DbMcusAds:124 - Set database path to: C:\Users\bobze\.stmcufinder\plugins\mcufinder//mcu/
2022-11-30 15:00:54,476 [WARN] DbFile:40 - Overriding database path with different value: C:\Users\bobze\.stmcufinder\plugins\mcufinder/ => C:\Users\bobze\.stmcufinder\plugins\mcufinder
2022-11-30 15:00:54,476 [WARN] DbFile:40 - Overriding database path with different value: C:\Users\bobze\.stmcufinder\plugins\mcufinder/ => C:\Users\bobze\.stmcufinder\plugins\mcufinder
2022-11-30 15:00:54,476 [INFO] CrossReferenceDbSqlite:201 - Set database path to: C:\Users\bobze\.stmcufinder\plugins\mcufinder//mcu/cs/
2022-11-30 15:00:54,483 [INFO] ApplicationProperties:181 - Using Application install path: C:\ST\STM32CubeIDE_1.10.1\STM32CubeIDE\plugins\com.st.stm32cube.common.mx_6.6.1.202207061420
2022-11-30 15:00:54,483 [INFO] PluginManage:193 - Search for loadable plugins [exclusion list=, ]
2022-11-30 15:00:54,483 [INFO] PluginManage:307 - Check plugin analytics
2022-11-30 15:00:54,630 [INFO] AnalyticsPlugin:262 - Accepted Software Licenses: 
2022-11-30 15:00:54,630 [INFO] AnalyticsPlugin:264 - Accepted CMSIS Pack Licenses: 
2022-11-30 15:00:54,630 [INFO] AnalyticsPlugin:266 - Accepted Firmware Licenses: 
2022-11-30 15:00:54,630 [INFO] PluginManage:356 - Loaded plugin analytics (category:tool,tabindex:-1)
2022-11-30 15:00:54,630 [INFO] PluginManage:307 - Check plugin cadmodel
2022-11-30 15:00:54,630 [INFO] CADModel:65 - Init CAD model plugin
2022-11-30 15:00:54,630 [INFO] PluginManage:356 - Loaded plugin cadmodel (category:power,tabindex:5)
2022-11-30 15:00:54,630 [INFO] PluginManage:307 - Check plugin clock
2022-11-30 15:00:54,646 [INFO] PluginManage:356 - Loaded plugin clock (category:base,tabindex:2)
2022-11-30 15:00:54,646 [INFO] PluginManage:307 - Check plugin ddr
2022-11-30 15:00:54,646 [INFO] PluginManage:356 - Loaded plugin ddr (category:tool,tabindex:6)
2022-11-30 15:00:54,646 [INFO] PluginManage:307 - Check plugin filemanager
2022-11-30 15:00:54,762 [INFO] PluginManage:356 - Loaded plugin filemanager (category:base,tabindex:10)
2022-11-30 15:00:54,762 [INFO] PluginManage:307 - Check plugin ipmanager
2022-11-30 15:00:54,762 [INFO] PluginManage:356 - Loaded plugin ipmanager (category:base,tabindex:5)
2022-11-30 15:00:54,762 [INFO] PluginManage:307 - Check plugin lpbam
2022-11-30 15:00:54,777 [INFO] PluginManage:356 - Loaded plugin lpbam (category:base,tabindex:0)
2022-11-30 15:00:54,777 [INFO] PluginManage:307 - Check plugin pinoutandconfiguration
2022-11-30 15:00:54,784 [INFO] PluginManage:356 - Loaded plugin pinoutandconfiguration (category:base,tabindex:1)
2022-11-30 15:00:54,784 [INFO] PluginManage:307 - Check plugin pinoutconfig
2022-11-30 15:00:54,815 [INFO] PluginManage:356 - Loaded plugin pinoutconfig (category:base,tabindex:0)
2022-11-30 15:00:54,815 [INFO] PluginManage:307 - Check plugin power
2022-11-30 15:00:54,831 [INFO] PluginManage:356 - Loaded plugin power (category:power,tabindex:4)
2022-11-30 15:00:54,831 [INFO] PluginManage:307 - Check plugin projectmanager
2022-11-30 15:00:54,846 [INFO] PluginManage:356 - Loaded plugin projectmanager (category:projectmanager,tabindex:3)
2022-11-30 15:00:54,846 [INFO] PluginManage:307 - Check plugin thirdparty
2022-11-30 15:00:54,962 [WARN] IntegrityCheckThread:82 - waiting for thirdparty lock release [integrity check]
2022-11-30 15:00:54,962 [INFO] PluginManage:356 - Loaded plugin thirdparty (category:base,tabindex:-1)
2022-11-30 15:00:54,962 [INFO] IntegrityCheckThread:84 - entering critical section [integrity check]
2022-11-30 15:00:54,962 [INFO] PluginManage:307 - Check plugin tools
2022-11-30 15:00:54,962 [INFO] ThirdPartyUpdaterWithRetryManager:70 - Updater plugin not ready yet. [1/15]
2022-11-30 15:00:54,962 [INFO] PluginManage:356 - Loaded plugin tools (category:base,tabindex:7)
2022-11-30 15:00:54,962 [INFO] PluginManage:307 - Check plugin tutovideos
2022-11-30 15:00:55,163 [INFO] PluginManage:356 - Loaded plugin tutovideos (category:base,tabindex:-1)
2022-11-30 15:00:55,163 [INFO] PluginManage:307 - Check plugin updater
2022-11-30 15:00:55,185 [INFO] PluginManage:356 - Loaded plugin updater (category:base,tabindex:12)
2022-11-30 15:00:55,185 [INFO] PluginManage:280 - PluginManage : Loaded plugins [15]
2022-11-30 15:00:55,417 [INFO] PinOutPanel:1468 - setPackage(No Configuration,No Configuration)
2022-11-30 15:00:55,479 [INFO] CADModel:98 - CPN selected for project level
2022-11-30 15:00:55,486 [INFO] IPUIPlugin:79 - create IPUIPlugin
2022-11-30 15:00:55,501 [INFO] PluginManager:217 - loadIPPluginJar : add adc
2022-11-30 15:00:55,501 [INFO] IPUIPlugin:79 - create IPUIPlugin
2022-11-30 15:00:55,501 [INFO] PluginManager:217 - loadIPPluginJar : add aes
2022-11-30 15:00:55,501 [INFO] IPUIPlugin:79 - create IPUIPlugin
2022-11-30 15:00:55,501 [INFO] PluginManager:217 - loadIPPluginJar : add can
2022-11-30 15:00:55,501 [INFO] IPUIPlugin:79 - create IPUIPlugin
2022-11-30 15:00:55,501 [INFO] PluginManager:217 - loadIPPluginJar : add comp
2022-11-30 15:00:55,501 [INFO] IPUIPlugin:79 - create IPUIPlugin
2022-11-30 15:00:55,501 [INFO] PluginManager:217 - loadIPPluginJar : add cryp
2022-11-30 15:00:55,501 [INFO] IPUIPlugin:79 - create IPUIPlugin
2022-11-30 15:00:55,501 [INFO] PluginManager:217 - loadIPPluginJar : add dfsdm
2022-11-30 15:00:55,517 [INFO] IPUIPlugin:79 - create IPUIPlugin
2022-11-30 15:00:55,517 [INFO] PluginManager:217 - loadIPPluginJar : add dma
2022-11-30 15:00:55,517 [INFO] IPUIPlugin:79 - create IPUIPlugin
2022-11-30 15:00:55,517 [INFO] PluginManager:217 - loadIPPluginJar : add dma3
2022-11-30 15:00:55,517 [INFO] IPUIPlugin:79 - create IPUIPlugin
2022-11-30 15:00:55,517 [INFO] PluginManager:217 - loadIPPluginJar : add fatfs
2022-11-30 15:00:55,517 [INFO] IPUIPlugin:79 - create IPUIPlugin
2022-11-30 15:00:55,517 [INFO] PluginManager:217 - loadIPPluginJar : add fmc
2022-11-30 15:00:55,533 [INFO] IPUIPlugin:79 - create IPUIPlugin
2022-11-30 15:00:55,533 [INFO] PluginManager:217 - loadIPPluginJar : add freertos
2022-11-30 15:00:55,533 [INFO] IPUIPlugin:79 - create IPUIPlugin
2022-11-30 15:00:55,533 [INFO] PluginManager:217 - loadIPPluginJar : add genericplugin
2022-11-30 15:00:55,533 [INFO] IPUIPlugin:79 - create IPUIPlugin
2022-11-30 15:00:55,533 [INFO] PluginManager:217 - loadIPPluginJar : add gfxmmu
2022-11-30 15:00:55,533 [INFO] IPUIPlugin:79 - create IPUIPlugin
2022-11-30 15:00:55,533 [INFO] PluginManager:217 - loadIPPluginJar : add gic
2022-11-30 15:00:55,533 [INFO] IPUIPlugin:79 - create IPUIPlugin
2022-11-30 15:00:55,533 [INFO] PluginManager:217 - loadIPPluginJar : add gpio
2022-11-30 15:00:55,533 [INFO] IPUIPlugin:79 - create IPUIPlugin
2022-11-30 15:00:55,533 [INFO] PluginManager:217 - loadIPPluginJar : add gtzc
2022-11-30 15:00:55,548 [INFO] IPUIPlugin:79 - create IPUIPlugin
2022-11-30 15:00:55,548 [INFO] PluginManager:217 - loadIPPluginJar : add hash
2022-11-30 15:00:55,548 [INFO] IPUIPlugin:79 - create IPUIPlugin
2022-11-30 15:00:55,548 [INFO] PluginManager:217 - loadIPPluginJar : add i2c
2022-11-30 15:00:55,548 [INFO] IPUIPlugin:79 - create IPUIPlugin
2022-11-30 15:00:55,548 [INFO] PluginManager:217 - loadIPPluginJar : add i2s
2022-11-30 15:00:55,548 [INFO] IPUIPlugin:79 - create IPUIPlugin
2022-11-30 15:00:55,548 [INFO] PluginManager:217 - loadIPPluginJar : add ipddr
2022-11-30 15:00:55,564 [INFO] IPUIPlugin:79 - create IPUIPlugin
2022-11-30 15:00:55,564 [INFO] PluginManager:217 - loadIPPluginJar : add linkedlist
2022-11-30 15:00:55,564 [INFO] IPUIPlugin:79 - create IPUIPlugin
2022-11-30 15:00:55,564 [INFO] PluginManager:217 - loadIPPluginJar : add lorawan
2022-11-30 15:00:55,564 [INFO] IPUIPlugin:79 - create IPUIPlugin
2022-11-30 15:00:55,564 [INFO] PluginManager:217 - loadIPPluginJar : add ltdc
2022-11-30 15:00:55,564 [INFO] IPUIPlugin:79 - create IPUIPlugin
2022-11-30 15:00:55,564 [INFO] PluginManager:217 - loadIPPluginJar : add mdma
2022-11-30 15:00:55,580 [INFO] IPUIPlugin:79 - create IPUIPlugin
2022-11-30 15:00:55,580 [INFO] PluginManager:217 - loadIPPluginJar : add nvic
2022-11-30 15:00:55,580 [INFO] IPUIPlugin:79 - create IPUIPlugin
2022-11-30 15:00:55,580 [INFO] PluginManager:217 - loadIPPluginJar : add opamp
2022-11-30 15:00:55,586 [INFO] IPUIPlugin:79 - create IPUIPlugin
2022-11-30 15:00:55,586 [INFO] PluginManager:217 - loadIPPluginJar : add openamp
2022-11-30 15:00:55,586 [INFO] IPUIPlugin:79 - create IPUIPlugin
2022-11-30 15:00:55,586 [INFO] PluginManager:217 - loadIPPluginJar : add pdm2pcm
2022-11-30 15:00:55,586 [INFO] IPUIPlugin:79 - create IPUIPlugin
2022-11-30 15:00:55,586 [INFO] PluginManager:217 - loadIPPluginJar : add plateformsettings
2022-11-30 15:00:55,602 [INFO] IPUIPlugin:79 - create IPUIPlugin
2022-11-30 15:00:55,602 [INFO] PluginManager:217 - loadIPPluginJar : add quadspi
2022-11-30 15:00:55,602 [INFO] IPUIPlugin:79 - create IPUIPlugin
2022-11-30 15:00:55,602 [INFO] PluginManager:217 - loadIPPluginJar : add resmgrutility
2022-11-30 15:00:55,602 [INFO] IPUIPlugin:79 - create IPUIPlugin
2022-11-30 15:00:55,602 [INFO] PluginManager:217 - loadIPPluginJar : add sai
2022-11-30 15:00:55,602 [INFO] IPUIPlugin:79 - create IPUIPlugin
2022-11-30 15:00:55,602 [INFO] PluginManager:217 - loadIPPluginJar : add spi
2022-11-30 15:00:55,617 [INFO] IPUIPlugin:79 - create IPUIPlugin
2022-11-30 15:00:55,617 [INFO] PluginManager:217 - loadIPPluginJar : add stm32_wpan
2022-11-30 15:00:55,617 [INFO] IPUIPlugin:79 - create IPUIPlugin
2022-11-30 15:00:55,617 [INFO] PluginManager:217 - loadIPPluginJar : add tim
2022-11-30 15:00:55,617 [INFO] IPUIPlugin:79 - create IPUIPlugin
2022-11-30 15:00:55,617 [INFO] PluginManager:217 - loadIPPluginJar : add touchsensing
2022-11-30 15:00:55,617 [INFO] IPUIPlugin:79 - create IPUIPlugin
2022-11-30 15:00:55,617 [INFO] PluginManager:217 - loadIPPluginJar : add tracer_emb
2022-11-30 15:00:55,617 [INFO] IPUIPlugin:79 - create IPUIPlugin
2022-11-30 15:00:55,617 [INFO] PluginManager:217 - loadIPPluginJar : add ts
2022-11-30 15:00:55,633 [INFO] IPUIPlugin:79 - create IPUIPlugin
2022-11-30 15:00:55,633 [INFO] PluginManager:217 - loadIPPluginJar : add tsc
2022-11-30 15:00:55,633 [INFO] IPUIPlugin:79 - create IPUIPlugin
2022-11-30 15:00:55,633 [INFO] PluginManager:217 - loadIPPluginJar : add ucpd
2022-11-30 15:00:55,633 [INFO] IPUIPlugin:79 - create IPUIPlugin
2022-11-30 15:00:55,633 [INFO] PluginManager:217 - loadIPPluginJar : add usart
2022-11-30 15:00:55,633 [INFO] IPUIPlugin:79 - create IPUIPlugin
2022-11-30 15:00:55,633 [INFO] PluginManager:217 - loadIPPluginJar : add usbx
2022-11-30 15:00:55,887 [FATAL] Updater:301 - Updater called before beeing initialized
2022-11-30 15:00:56,002 [FATAL] Updater:301 - Updater called before beeing initialized
2022-11-30 15:00:56,002 [INFO] DbMcusAds:52 - JSON generation date=Thu Sep 30 02:56:37 EDT 2021 (1632984997303)
2022-11-30 15:00:56,002 [FATAL] Updater:301 - Updater called before beeing initialized
2022-11-30 15:00:56,049 [WARN] DetailPanel:344 - Failed to get advertising image, set to default
2022-11-30 15:00:56,150 [FATAL] Updater:301 - Updater called before beeing initialized
2022-11-30 15:00:56,150 [FATAL] Updater:301 - Updater called before beeing initialized
2022-11-30 15:00:56,150 [FATAL] Updater:301 - Updater called before beeing initialized
2022-11-30 15:00:56,150 [WARN] DetailPanel:344 - Failed to get advertising image, set to default
2022-11-30 15:00:56,150 [FATAL] Updater:301 - Updater called before beeing initialized
2022-11-30 15:00:56,187 [ERROR] Updater:1105 - MainUpdater not yet initialized. External WinMGr cannot be set.
2022-11-30 15:00:56,203 [INFO] Updater:1041 - Updater Version found : 6.6.1
2022-11-30 15:00:56,219 [INFO] ApplicationProperties:181 - Using Application install path: C:\ST\STM32CubeIDE_1.10.1\STM32CubeIDE\plugins\com.st.stm32cube.common.mx_6.6.1.202207061420
2022-11-30 15:00:56,435 [INFO] MainUpdater:2768 - connection check result : 10
2022-11-30 15:00:56,435 [INFO] MainUpdater:280 - Updater Check For Update Now.
2022-11-30 15:00:56,435 [INFO] MicroXplorer:481 - Change Database Version : DB.6.0.60
2022-11-30 15:00:56,604 [INFO] CheckServerUpdateThread:119 - End of CheckServer Thread
2022-11-30 15:00:56,651 [INFO] MainUpdater:2768 - connection check result : 10
2022-11-30 15:00:56,651 [INFO] McuFinderGlobals:57 - Set McuFinderConnectedMode to true
2022-11-30 15:00:56,766 [INFO] ServerAccessManage:474 - Download File mcusAds.json._tmp_
2022-11-30 15:00:56,867 [INFO] LoadUrlFilesThread:150 - End of LoadUrlFiles Thread
2022-11-30 15:00:57,392 [INFO] ServerAccessManage:474 - Download File cube-finder-db.zip
2022-11-30 15:00:57,978 [WARN] MainUpdater:1184 - Updater busy. Cannot search thirdparties
2022-11-30 15:00:57,978 [INFO] ThirdPartyUpdaterWithRetryManager:96 - Updater plugin is busy. [1/15]
2022-11-30 15:00:58,264 [INFO] FileExtend:239 - Unzip File : cube-finder-db.zip
2022-11-30 15:00:58,264 [INFO] FileExtend:254 - Standard Zip Deflate
2022-11-30 15:00:58,843 [INFO] LoadUrlFilesThread:150 - End of LoadUrlFiles Thread
2022-11-30 15:00:59,366 [INFO] ServerAccessManage:474 - Download File crdb.zip
2022-11-30 15:01:00,098 [INFO] FileExtend:239 - Unzip File : crdb.zip
2022-11-30 15:01:00,098 [INFO] FileExtend:254 - Standard Zip Deflate
2022-11-30 15:01:00,246 [INFO] LoadUrlFilesThread:150 - End of LoadUrlFiles Thread
2022-11-30 15:01:00,367 [INFO] ServerAccessManage:474 - Download File tutoVideoDB.zip
2022-11-30 15:01:00,383 [INFO] FileExtend:239 - Unzip File : tutoVideoDB.zip
2022-11-30 15:01:00,383 [INFO] FileExtend:254 - Standard Zip Deflate
2022-11-30 15:01:00,484 [INFO] LoadUrlFilesThread:150 - End of LoadUrlFiles Thread
2022-11-30 15:01:00,499 [INFO] JxBrowserEngine:106 - Initiate JxBrowser Engine with user profile folder
2022-11-30 15:01:00,699 [ERROR] JxBrowserEngine:59 - Can't initiate JxBrowser engine com.teamdev.jxbrowser.engine.ChromiumBinariesExtractionException: Failed to extract Chromium binaries into C:\Users\bobze\.stm32cubemx\.jxbrowser\Chromium
2022-11-30 15:01:00,699 [WARN] DbFile:40 - Overriding database path with different value: C:\Users\bobze\.stmcufinder\plugins\mcufinder/ => C:\Users\bobze\.stmcufinder\plugins\mcufinder
2022-11-30 15:01:00,984 [WARN] MainUpdater:1184 - Updater busy. Cannot search thirdparties
2022-11-30 15:01:00,984 [INFO] ThirdPartyUpdaterWithRetryManager:96 - Updater plugin is busy. [2/15]
2022-11-30 15:01:01,146 [INFO] ServerAccessManage:474 - Download File api_config.json
2022-11-30 15:01:01,247 [INFO] LoadUrlFilesThread:150 - End of LoadUrlFiles Thread
2022-11-30 15:01:01,262 [INFO] DbMcusAds:52 - JSON generation date=Thu Sep 30 02:55:09 EDT 2021 (1632984909377)
2022-11-30 15:01:01,284 [INFO] LoadUrlFilesThread:177 - End of LoadServerUrlFiles without Thread
2022-11-30 15:01:01,284 [INFO] TargetSelectorAdapter:228 - Refresh data is successful
2022-11-30 15:01:01,416 [INFO] ApiDb:576 - Connected to CubeFinder SQLite database (C:\Users\bobze\.stmcufinder\plugins\mcufinder\mcu\cube-finder-db.db)
2022-11-30 15:01:01,463 [INFO] ApiDb:663 - CubeFinder database Data Model version=2.1
2022-11-30 15:01:01,463 [INFO] ApiDb:664 - CubeFinder database Configuration version=3.0.35
2022-11-30 15:01:01,463 [INFO] ApiDb:665 - CubeFinder database generation date=2022-11-18 (1668769384)
2022-11-30 15:01:01,463 [INFO] ApiDb:666 - CubeFinder database FW Pack versions=[FP-ATR-ASTRA1_V1.1.1, STM32Cube_FW_C0_V1.0.0, STM32Cube_FW_F4_V1.27.1, STM32Cube_FW_F7_V1.17.0, STM32Cube_FW_G0_V1.6.1, STM32Cube_FW_G4_V1.5.0, STM32Cube_FW_H5_V0.5.1, STM32Cube_FW_H7_V1.11.0, STM32Cube_FW_L5_V1.5.0, STM32Cube_FW_U5_V1.1.1, STM32Cube_FW_WBA_V0.2.0, STM32Cube_FW_WB_V1.15.0, STM32Cube_FW_WB_V1.15.0RC1, STM32Cube_FW_WL_V1.3.0, X-CUBE-ALGOBUILD_V1.3.0, X-CUBE-ALS_V1.0.1, X-CUBE-AZRTOS-F4_V1.1.0, X-CUBE-AZRTOS-F7_V1.1.0, X-CUBE-AZRTOS-G0_V1.1.0, X-CUBE-AZRTOS-G4_V1.0.0, X-CUBE-AZRTOS-H7_V2.1.0, X-CUBE-AZRTOS-L4_V1.0.0, X-CUBE-AZRTOS-L5_V1.0.0, X-CUBE-AZRTOS-WL_V1.0.0, X-CUBE-BLE1_V6.2.4, X-CUBE-BLE2_V3.3.0, X-CUBE-BLEMGR_V1.2.0, X-CUBE-EEPRMA1_V3.1.1, X-CUBE-GNSS1_V6.0.0, X-CUBE-MEMS1_V9.1.0, X-CUBE-MEMS1_V9.3.0, X-CUBE-NFC4_V2.0.4, X-CUBE-NFC7_V1.0.0, X-CUBE-SFXS2LP1_V4.0.0, X-CUBE-SUBG2_V5.0.0]
2022-11-30 15:01:02,974 [INFO] ApiDb:239 - Found 138 in-development CPN: [B-WB1M-WPAN1, NUCLEO-C031C6, STEVAL-STWINBX1, STM320518-EVAL, STM32C0116-DK, STM32C011D6Y3TR, STM32C011D6Y6TR, STM32C011F4P3, STM32C011F4P6, STM32C011F4U3, STM32C011F4U6TR, STM32C011F6P3, STM32C011F6P6, STM32C011F6U3, STM32C011F6U6TR, STM32C011J4M3, STM32C011J4M6, STM32C011J6M3, STM32C011J6M6, STM32C0316-DK, STM32C031C4T3, STM32C031C4T6, STM32C031C4U3, STM32C031C4U6, STM32C031C6T3, STM32C031C6T6, STM32C031C6U3, STM32C031C6U6, STM32C031F4P3, STM32C031F4P6, STM32C031F6P3, STM32C031F6P6, STM32C031G4U3, STM32C031G4U6, STM32C031G6U3, STM32C031G6U6, STM32C031K4T3, STM32C031K4T6, STM32C031K4U3, STM32C031K4U6, STM32C031K6T3, STM32C031K6T6, STM32C031K6U3, STM32C031K6U6, STM32G071K8TXN, STM32G071K8UXN, STM32G081GBU6N, STM32G081KBT6N, STM32G081KBUXN, STM32G0B1CCT6N, STM32G0B1KCT6, STM32G0B1NEY6TR, STM32G0B1RCT6N, STM32G0C1CCT6, STM32G0C1CCT6N, STM32G0C1CCU6N, STM32G0C1CET6N, STM32G0C1CEU6N, STM32G0C1KCT6, STM32G0C1NEY6TR, STM32G0C1RCI6N, STM32G0C1RCT6N, STM32G0C1REI6N, STM32G0C1RET6N, STM32G0C1VCI6, STM32G0C1VEI6, STM32G471CCT6, STM32G471CCU6, STM32G471CET3, STM32G471CET6, STM32G471CEU3, STM32G471CEU6, STM32G471MCT6, STM32G471MET3, STM32G471MET6, STM32G471MEY6TR, STM32G471QCT6, STM32G471QET3, STM32G471RCT6, STM32G471RET3, STM32G471RET6, STM32G471VCH6, STM32G471VCI6, STM32G471VCT6, STM32G471VEH3, STM32G471VEH6, STM32G471VEI3, STM32G471VEI6, STM32G471VET3, STM32G471VET6, STM32G474CCT6, STM32L476VGY6PTR, STM32L4R5QGI6STR, STM32MP131AAE3, STM32MP131AAF3, STM32MP131AAG3, STM32MP131CAE3, STM32MP131CAF3, STM32MP131CAG3, STM32MP131DAE7, STM32MP131DAF7, STM32MP131DAG7, STM32MP131FAE7, STM32MP131FAF7, STM32MP131FAG7, STM32MP133AAE3, STM32MP133AAF3, STM32MP133AAG3, STM32MP133CAE3, STM32MP133CAF3, STM32MP133CAG3, STM32MP133DAE7, STM32MP133DAF7, STM32MP133DAG7, STM32MP133FAE7, STM32MP133FAF7, STM32MP133FAG7, STM32MP135AAE3, STM32MP135AAF3, STM32MP135AAG3, STM32MP135CAE3, STM32MP135CAF3, STM32MP135CAG3, STM32MP135DAE7, STM32MP135DAF7, STM32MP135DAG7, STM32MP135F-DK, STM32MP135FAE7, STM32MP135FAF7, STM32MP135FAG7, STM32U595ZJT6Q, STM32U599BJY6QTR, STM32U599NIH6Q, STM32U599NJH6Q, STM32U5A5ZJT6Q, STM32U5A9BJY6QTR, STM32U5A9NJH6Q, STM32WB1MMCH6]
2022-11-30 15:01:02,974 [INFO] DbMcus:215 - Found 3580 MCUs, 3580 are supported
2022-11-30 15:01:02,974 [INFO] ApiDb:418 - Load user favorites file C:\Users\bobze/.stm32cubeide/favorites.mcus.txt: 0 item(s)
2022-11-30 15:01:02,974 [INFO] ApiDb:422 - User favorites MCUs=[]
2022-11-30 15:01:02,974 [INFO] DbMcus:221 - Set 0 / 0 favorites MCUs
2022-11-30 15:01:02,984 [INFO] ApiDb:663 - CubeFinder database Data Model version=2.1
2022-11-30 15:01:02,984 [INFO] ApiDb:664 - CubeFinder database Configuration version=3.0.35
2022-11-30 15:01:02,984 [INFO] ApiDb:665 - CubeFinder database generation date=2022-11-18 (1668769384)
2022-11-30 15:01:02,984 [INFO] ApiDb:666 - CubeFinder database FW Pack versions=[FP-ATR-ASTRA1_V1.1.1, STM32Cube_FW_C0_V1.0.0, STM32Cube_FW_F4_V1.27.1, STM32Cube_FW_F7_V1.17.0, STM32Cube_FW_G0_V1.6.1, STM32Cube_FW_G4_V1.5.0, STM32Cube_FW_H5_V0.5.1, STM32Cube_FW_H7_V1.11.0, STM32Cube_FW_L5_V1.5.0, STM32Cube_FW_U5_V1.1.1, STM32Cube_FW_WBA_V0.2.0, STM32Cube_FW_WB_V1.15.0, STM32Cube_FW_WB_V1.15.0RC1, STM32Cube_FW_WL_V1.3.0, X-CUBE-ALGOBUILD_V1.3.0, X-CUBE-ALS_V1.0.1, X-CUBE-AZRTOS-F4_V1.1.0, X-CUBE-AZRTOS-F7_V1.1.0, X-CUBE-AZRTOS-G0_V1.1.0, X-CUBE-AZRTOS-G4_V1.0.0, X-CUBE-AZRTOS-H7_V2.1.0, X-CUBE-AZRTOS-L4_V1.0.0, X-CUBE-AZRTOS-L5_V1.0.0, X-CUBE-AZRTOS-WL_V1.0.0, X-CUBE-BLE1_V6.2.4, X-CUBE-BLE2_V3.3.0, X-CUBE-BLEMGR_V1.2.0, X-CUBE-EEPRMA1_V3.1.1, X-CUBE-GNSS1_V6.0.0, X-CUBE-MEMS1_V9.1.0, X-CUBE-MEMS1_V9.3.0, X-CUBE-NFC4_V2.0.4, X-CUBE-NFC7_V1.0.0, X-CUBE-SFXS2LP1_V4.0.0, X-CUBE-SUBG2_V5.0.0]
2022-11-30 15:01:03,031 [INFO] DbBoardsSqlite:227 - include board P-NUCLEO-WB55-NUCLEO as a kit item of type 'Nucleo-64'
2022-11-30 15:01:03,031 [INFO] DbBoardsSqlite:227 - include board P-NUCLEO-WB55-USBDONGLE as a kit item of type 'Nucleo USB Dongle'
2022-11-30 15:01:03,031 [INFO] DbBoardsSqlite:227 - include board STEVAL-IDP005V1 as a kit item of type 'Evaluation Board'
2022-11-30 15:01:03,031 [INFO] DbBoardsSqlite:227 - include board STEVAL-IDP005V2 as a kit item of type 'Evaluation Board'
2022-11-30 15:01:03,062 [INFO] ApiDb:239 - Found 138 in-development CPN: [B-WB1M-WPAN1, NUCLEO-C031C6, STEVAL-STWINBX1, STM320518-EVAL, STM32C0116-DK, STM32C011D6Y3TR, STM32C011D6Y6TR, STM32C011F4P3, STM32C011F4P6, STM32C011F4U3, STM32C011F4U6TR, STM32C011F6P3, STM32C011F6P6, STM32C011F6U3, STM32C011F6U6TR, STM32C011J4M3, STM32C011J4M6, STM32C011J6M3, STM32C011J6M6, STM32C0316-DK, STM32C031C4T3, STM32C031C4T6, STM32C031C4U3, STM32C031C4U6, STM32C031C6T3, STM32C031C6T6, STM32C031C6U3, STM32C031C6U6, STM32C031F4P3, STM32C031F4P6, STM32C031F6P3, STM32C031F6P6, STM32C031G4U3, STM32C031G4U6, STM32C031G6U3, STM32C031G6U6, STM32C031K4T3, STM32C031K4T6, STM32C031K4U3, STM32C031K4U6, STM32C031K6T3, STM32C031K6T6, STM32C031K6U3, STM32C031K6U6, STM32G071K8TXN, STM32G071K8UXN, STM32G081GBU6N, STM32G081KBT6N, STM32G081KBUXN, STM32G0B1CCT6N, STM32G0B1KCT6, STM32G0B1NEY6TR, STM32G0B1RCT6N, STM32G0C1CCT6, STM32G0C1CCT6N, STM32G0C1CCU6N, STM32G0C1CET6N, STM32G0C1CEU6N, STM32G0C1KCT6, STM32G0C1NEY6TR, STM32G0C1RCI6N, STM32G0C1RCT6N, STM32G0C1REI6N, STM32G0C1RET6N, STM32G0C1VCI6, STM32G0C1VEI6, STM32G471CCT6, STM32G471CCU6, STM32G471CET3, STM32G471CET6, STM32G471CEU3, STM32G471CEU6, STM32G471MCT6, STM32G471MET3, STM32G471MET6, STM32G471MEY6TR, STM32G471QCT6, STM32G471QET3, STM32G471RCT6, STM32G471RET3, STM32G471RET6, STM32G471VCH6, STM32G471VCI6, STM32G471VCT6, STM32G471VEH3, STM32G471VEH6, STM32G471VEI3, STM32G471VEI6, STM32G471VET3, STM32G471VET6, STM32G474CCT6, STM32L476VGY6PTR, STM32L4R5QGI6STR, STM32MP131AAE3, STM32MP131AAF3, STM32MP131AAG3, STM32MP131CAE3, STM32MP131CAF3, STM32MP131CAG3, STM32MP131DAE7, STM32MP131DAF7, STM32MP131DAG7, STM32MP131FAE7, STM32MP131FAF7, STM32MP131FAG7, STM32MP133AAE3, STM32MP133AAF3, STM32MP133AAG3, STM32MP133CAE3, STM32MP133CAF3, STM32MP133CAG3, STM32MP133DAE7, STM32MP133DAF7, STM32MP133DAG7, STM32MP133FAE7, STM32MP133FAF7, STM32MP133FAG7, STM32MP135AAE3, STM32MP135AAF3, STM32MP135AAG3, STM32MP135CAE3, STM32MP135CAF3, STM32MP135CAG3, STM32MP135DAE7, STM32MP135DAF7, STM32MP135DAG7, STM32MP135F-DK, STM32MP135FAE7, STM32MP135FAF7, STM32MP135FAG7, STM32U595ZJT6Q, STM32U599BJY6QTR, STM32U599NIH6Q, STM32U599NJH6Q, STM32U5A5ZJT6Q, STM32U5A9BJY6QTR, STM32U5A9NJH6Q, STM32WB1MMCH6]
2022-11-30 15:01:03,163 [INFO] BoardInfo:879 - No configuration file found for board P-NUCLEO-WB55
2022-11-30 15:01:03,163 [INFO] DbBoards:156 - Kit is not supported: P-NUCLEO-WB55
2022-11-30 15:01:03,178 [INFO] BoardInfo:879 - No configuration file found for board STEVAL-BFA001V1B
2022-11-30 15:01:03,178 [INFO] DbBoards:156 - Kit is not supported: STEVAL-BFA001V1B
2022-11-30 15:01:03,178 [INFO] BoardInfo:879 - No configuration file found for board STEVAL-BFA001V2B
2022-11-30 15:01:03,178 [INFO] DbBoards:156 - Kit is not supported: STEVAL-BFA001V2B
2022-11-30 15:01:03,185 [INFO] BoardInfo:879 - No configuration file found for board STEVAL-PROTEUS1
2022-11-30 15:01:03,185 [INFO] DbBoards:156 - Board is not supported: STEVAL-PROTEUS1
2022-11-30 15:01:03,279 [INFO] DbBoards:160 - Found 178 boards, 174 are supported
2022-11-30 15:01:03,279 [INFO] ApiDb:409 - User favorites file not found: C:\Users\bobze/.stm32cubeide/favorites.boards.txt
2022-11-30 15:01:03,279 [INFO] DbBoards:189 - Set 0 / 0 favorites Boards
2022-11-30 15:01:03,285 [INFO] ApiDb:663 - CubeFinder database Data Model version=2.1
2022-11-30 15:01:03,285 [INFO] ApiDb:664 - CubeFinder database Configuration version=3.0.35
2022-11-30 15:01:03,285 [INFO] ApiDb:665 - CubeFinder database generation date=2022-11-18 (1668769384)
2022-11-30 15:01:03,285 [INFO] ApiDb:666 - CubeFinder database FW Pack versions=[FP-ATR-ASTRA1_V1.1.1, STM32Cube_FW_C0_V1.0.0, STM32Cube_FW_F4_V1.27.1, STM32Cube_FW_F7_V1.17.0, STM32Cube_FW_G0_V1.6.1, STM32Cube_FW_G4_V1.5.0, STM32Cube_FW_H5_V0.5.1, STM32Cube_FW_H7_V1.11.0, STM32Cube_FW_L5_V1.5.0, STM32Cube_FW_U5_V1.1.1, STM32Cube_FW_WBA_V0.2.0, STM32Cube_FW_WB_V1.15.0, STM32Cube_FW_WB_V1.15.0RC1, STM32Cube_FW_WL_V1.3.0, X-CUBE-ALGOBUILD_V1.3.0, X-CUBE-ALS_V1.0.1, X-CUBE-AZRTOS-F4_V1.1.0, X-CUBE-AZRTOS-F7_V1.1.0, X-CUBE-AZRTOS-G0_V1.1.0, X-CUBE-AZRTOS-G4_V1.0.0, X-CUBE-AZRTOS-H7_V2.1.0, X-CUBE-AZRTOS-L4_V1.0.0, X-CUBE-AZRTOS-L5_V1.0.0, X-CUBE-AZRTOS-WL_V1.0.0, X-CUBE-BLE1_V6.2.4, X-CUBE-BLE2_V3.3.0, X-CUBE-BLEMGR_V1.2.0, X-CUBE-EEPRMA1_V3.1.1, X-CUBE-GNSS1_V6.0.0, X-CUBE-MEMS1_V9.1.0, X-CUBE-MEMS1_V9.3.0, X-CUBE-NFC4_V2.0.4, X-CUBE-NFC7_V1.0.0, X-CUBE-SFXS2LP1_V4.0.0, X-CUBE-SUBG2_V5.0.0]
2022-11-30 15:01:03,829 [INFO] DbExamplesSqlite:374 - Ignored 31 examples not supported by CubeIDE
2022-11-30 15:01:03,829 [INFO] DbExamplesSqlite:375 - Found 6217 examples active
2022-11-30 15:01:03,829 [INFO] DbExamplesSqlite:376 - Found 275 examples obsolete
2022-11-30 15:01:03,831 [INFO] DbExamplesSqlite:377 - Found 0 examples under development
2022-11-30 15:01:03,831 [INFO] DbExamplesSqlite:378 - Found 77 examples not building
2022-11-30 15:01:03,831 [INFO] DbExamples:124 - Found 6263 examples
2022-11-30 15:01:03,870 [ERROR] DbExamples:207 - Found 120 examples with invalid data (board or MCU)
2022-11-30 15:01:03,870 [INFO] DbExamples:221 - Found 77 boards with related examples
2022-11-30 15:01:03,870 [INFO] DbExamples:234 - Found 62 MCUs with related examples
2022-11-30 15:01:03,880 [INFO] ApiDb:409 - User favorites file not found: C:\Users\bobze/.stm32cubeide/favorites.examples.txt
2022-11-30 15:01:03,890 [INFO] DbExamples:249 - Set 0 / 0 favorites Examples
2022-11-30 15:01:04,033 [INFO] McuFinderGlobals:57 - Set McuFinderConnectedMode to true
2022-11-30 15:01:04,049 [INFO] MultiScanPanel:195 - Auto-refresh data requested => check proxy status ongoing
2022-11-30 15:01:04,049 [INFO] FinderPluginLoader:92 - Searching for filters in installed packs
2022-11-30 15:01:04,227 [WARN] PackLoader:242 - Cannot read IP mode file for STMicroelectronics.X-CUBE-GNSS1.6.0.0
2022-11-30 15:01:04,274 [WARN] PackLoader:242 - Cannot read IP mode file for STMicroelectronics.X-CUBE-AZRTOS-F4.1.1.0
2022-11-30 15:01:04,274 [WARN] PackLoader:242 - Cannot read IP mode file for STMicroelectronics.X-CUBE-BLEMGR.1.2.0
2022-11-30 15:01:04,312 [WARN] PackLoader:242 - Cannot read IP mode file for STMicroelectronics.X-CUBE-AZRTOS-F7.1.1.0
2022-11-30 15:01:04,312 [WARN] PackLoader:242 - Cannot read IP mode file for STMicroelectronics.X-CUBE-BLE1.6.2.3
2022-11-30 15:01:04,327 [WARN] PackLoader:242 - Cannot read IP mode file for STMicroelectronics.X-CUBE-BLE1.6.2.4
2022-11-30 15:01:04,327 [WARN] PackLoader:242 - Cannot read IP mode file for STMicroelectronics.X-CUBE-NFC4.2.0.5
2022-11-30 15:01:04,343 [WARN] PackLoader:242 - Cannot read IP mode file for STMicroelectronics.X-CUBE-NFC4.2.0.4
2022-11-30 15:01:04,343 [WARN] PackLoader:242 - Cannot read IP mode file for wolfSSL.I-CUBE-wolfSSL.5.5.1
2022-11-30 15:01:04,359 [WARN] PackLoader:242 - Cannot read IP mode file for STMicroelectronics.X-CUBE-NFC7.1.0.0
2022-11-30 15:01:04,405 [WARN] PackLoader:242 - Cannot read IP mode file for STMicroelectronics.X-CUBE-MEMS1.9.3.0
2022-11-30 15:01:04,590 [WARN] PackLoader:242 - Cannot read IP mode file for STMicroelectronics.X-CUBE-SFXS2LP1.4.0.0
2022-11-30 15:01:04,590 [WARN] PackLoader:242 - Cannot read IP mode file for STMicroelectronics.X-CUBE-BLE2.3.3.0
2022-11-30 15:01:04,606 [WARN] PackLoader:242 - Cannot read IP mode file for STMicroelectronics.X-CUBE-DISPLAY.2.2.0
2022-11-30 15:01:04,612 [WARN] PackLoader:242 - Cannot read IP mode file for STMicroelectronics.X-CUBE-TOF1.3.2.0
2022-11-30 15:01:04,628 [WARN] PackLoader:242 - Cannot read IP mode file for STMicroelectronics.X-CUBE-ISPU.1.0.0
2022-11-30 15:01:04,628 [WARN] PackLoader:242 - Cannot read IP mode file for STMicroelectronics.X-CUBE-ISPU.1.1.0
2022-11-30 15:01:04,644 [WARN] PackLoader:242 - Cannot read IP mode file for RoweBots.I-CUBE-UNISONRTOS.5.5.0-4
2022-11-30 15:01:04,659 [WARN] PackLoader:242 - Cannot read IP mode file for STMicroelectronics.X-CUBE-AZRTOS-H7.2.1.0
2022-11-30 15:01:04,659 [WARN] PackLoader:242 - Cannot read IP mode file for STMicroelectronics.X-CUBE-AI.7.3.0
2022-11-30 15:01:04,675 [WARN] PackLoader:242 - Cannot read IP mode file for STMicroelectronics.X-CUBE-ALGOBUILD.1.3.0
2022-11-30 15:01:04,691 [WARN] PackLoader:242 - Cannot read IP mode file for STMicroelectronics.X-CUBE-AZRTOS-G0.1.1.0
2022-11-30 15:01:04,713 [WARN] PackLoader:242 - Cannot read IP mode file for STMicroelectronics.X-CUBE-SUBG2.5.0.0
2022-11-30 15:01:04,775 [WARN] PackLoader:242 - Cannot read IP mode file for SEGGER.I-CUBE-embOS.1.2.1
2022-11-30 15:01:04,860 [WARN] PackLoader:242 - Cannot read IP mode file for STMicroelectronics.FP-ATR-ASTRA1.1.1.1
2022-11-30 15:01:04,876 [WARN] PackLoader:242 - Cannot read IP mode file for STMicroelectronics.X-CUBE-AZRTOS-G4.1.0.0
2022-11-30 15:01:04,891 [WARN] PackLoader:242 - Cannot read IP mode file for STMicroelectronics.FP-ATR-SIGFOX1.3.2.0
2022-11-30 15:01:04,907 [WARN] PackLoader:242 - Cannot read IP mode file for STMicroelectronics.X-CUBE-AZRTOS-L4.1.0.0
2022-11-30 15:01:04,913 [WARN] PackLoader:242 - Cannot read IP mode file for emotas.I-CUBE-CANOPEN.1.1.2
2022-11-30 15:01:04,929 [WARN] PackLoader:242 - Cannot read IP mode file for STMicroelectronics.X-CUBE-TOUCHGFX.4.20.0
2022-11-30 15:01:04,929 [WARN] PackLoader:242 - Cannot read IP mode file for STMicroelectronics.X-CUBE-AZRTOS-WL.1.0.0
2022-11-30 15:01:04,945 [WARN] PackLoader:242 - Cannot read IP mode file for portGmbH.I-Cube-SoM-uGOAL.1.1.0
2022-11-30 15:01:04,945 [WARN] PackLoader:242 - Cannot read IP mode file for STMicroelectronics.X-CUBE-ALS.1.0.1
2022-11-30 15:01:04,976 [WARN] PackLoader:242 - Cannot read IP mode file for STMicroelectronics.X-CUBE-AZRTOS-L5.1.0.0
2022-11-30 15:01:04,992 [WARN] PackLoader:242 - Cannot read IP mode file for STMicroelectronics.X-CUBE-EEPRMA1.3.1.1
2022-11-30 15:01:04,992 [INFO] ThirdParty:929 - Integrity check success = true
2022-11-30 15:01:04,992 [INFO] IntegrityCheckThread:98 - exiting critical section [integrity check]
2022-11-30 15:01:04,992 [INFO] IntegrityCheckThread:101 - End integrity checks thread
2022-11-30 15:01:05,593 [INFO] LoadUrlFilesThread:177 - End of LoadServerUrlFiles without Thread
2022-11-30 15:01:05,609 [INFO] DetailPanel:339 - Set advertising image to C:/Users/bobze/STM32Cube/Repository/\en.Prom_NBSTM32U50921.jpg
2022-11-30 15:01:11,126 [ERROR] LogOutputStream:74 - [STDERR_REDIRECT] SLF4J: Failed to load class "org.slf4j.impl.StaticLoggerBinder".
2022-11-30 15:01:11,126 [ERROR] LogOutputStream:74 - [STDERR_REDIRECT] SLF4J: Defaulting to no-operation (NOP) logger implementation
2022-11-30 15:01:11,126 [ERROR] LogOutputStream:74 - [STDERR_REDIRECT] SLF4J: See http://www.slf4j.org/codes.html#StaticLoggerBinder for further details.
2022-11-30 15:01:35,478 [INFO] MainUpdater:2768 - connection check result : 10
2022-11-30 15:01:35,478 [INFO] MainUpdater:2768 - connection check result : 10
2022-11-30 15:01:35,512 [INFO] MicroXplorer:451 - Change Database Path : 
2022-11-30 15:01:35,512 [INFO] MicroXplorer:481 - Change Database Version : DB.6.0.60
2022-11-30 15:01:35,512 [WARN] ThirdParty:827 - waiting for thirdparty lock release [close project]
2022-11-30 15:01:35,512 [INFO] ThirdParty:829 - entering critical section [close project]
2022-11-30 15:01:35,512 [INFO] ThirdParty:839 - exiting critical section [close project]
2022-11-30 15:01:35,527 [INFO] PinOutPanel:1468 - setPackage(No Configuration,No Configuration)
2022-11-30 15:01:35,543 [INFO] UtilMem:74 - Begin LoadConfig() Used Memory: 431606968 Bytes (507510784)
2022-11-30 15:01:35,543 [INFO] MicroXplorer:451 - Change Database Path : 
2022-11-30 15:01:35,543 [INFO] MicroXplorer:481 - Change Database Version : DB.6.0.60
2022-11-30 15:01:35,543 [INFO] OpenFileManager:307 - Change cursor
2022-11-30 15:01:35,675 [INFO] Mcu:1922 - Initializing MCU STM32L4R5ZITxP STM32L4R5ZITxP STM32L4R5ZIT6P
2022-11-30 15:01:38,852 [INFO] Context:654 - Trying to add GPIOservice into a context  which must be forbidden
2022-11-30 15:01:39,686 [WARN] ApiManager:308 - Cannot register API 'Board Extension:GNSS1A1' from pack STMicroelectronics.X-CUBE-GNSS1.6.0.0: no header file found
2022-11-30 15:01:39,686 [WARN] ApiManager:308 - Cannot register API 'Board Support:Custom' from pack STMicroelectronics.X-CUBE-GNSS1.6.0.0: no header file found
2022-11-30 15:01:39,686 [WARN] ApiManager:308 - Cannot register API 'Data Exchange:lib_gnss' from pack STMicroelectronics.X-CUBE-GNSS1.6.0.0: no header file found
2022-11-30 15:01:39,708 [WARN] ApiManager:308 - Cannot register API 'Wireless:BlueNRG-MS' from pack STMicroelectronics.X-CUBE-BLE1.6.2.3: no header file found
2022-11-30 15:01:39,708 [WARN] ApiManager:308 - Cannot register API 'Wireless:BlueNRG-MS' from pack STMicroelectronics.X-CUBE-BLE1.6.2.4: no header file found
2022-11-30 15:01:39,708 [INFO] RtosManager:488 - Registered RTOS mode: class=CMSIS, group=RTOS, mode=CMSIS_V1, owner=FREERTOS
2022-11-30 15:01:39,708 [INFO] RtosManager:488 - Registered RTOS mode: class=CMSIS, group=RTOS2, mode=CMSIS_V2, owner=FREERTOS
2022-11-30 15:01:39,708 [INFO] RtosManager:488 - Registered RTOS mode: class=RTOS, group=Core, mode=CMSIS_V1, owner=FREERTOS
2022-11-30 15:01:39,708 [INFO] RtosManager:488 - Registered RTOS mode: class=RTOS, group=Core, mode=CMSIS_V2, owner=FREERTOS
2022-11-30 15:01:39,708 [WARN] ModelIntegratedComponent:185 - Missing modes for component STMicroelectronics:FreeRTOS:0.0.1:STMicroelectronics:RTOS:FreeRTOS:Core:::10.2.0:
2022-11-30 15:01:39,708 [WARN] ApiManager:308 - Cannot register API 'Board Extension:S2868A1' from pack STMicroelectronics.X-CUBE-SUBG2.5.0.0: no header file found
2022-11-30 15:01:39,708 [WARN] ApiManager:308 - Cannot register API 'Board Extension:S2868A2' from pack STMicroelectronics.X-CUBE-SUBG2.5.0.0: no header file found
2022-11-30 15:01:39,708 [WARN] ApiManager:308 - Cannot register API 'Board Extension:S2915A1' from pack STMicroelectronics.X-CUBE-SUBG2.5.0.0: no header file found
2022-11-30 15:01:39,708 [WARN] ApiManager:308 - Cannot register API 'Board Extension:NFC04A1' from pack STMicroelectronics.X-CUBE-NFC4.2.0.5: no header file found
2022-11-30 15:01:39,723 [WARN] ApiManager:308 - Cannot register API 'Board Extension:NFC04A1' from pack STMicroelectronics.X-CUBE-NFC4.2.0.4: no header file found
2022-11-30 15:01:39,723 [WARN] ModelIntegratedComponent:64 - No mode defined for component null
2022-11-30 15:01:39,723 [WARN] ModelIntegratedComponent:64 - No mode defined for component null
2022-11-30 15:01:39,723 [WARN] ModelIntegratedComponent:64 - No mode defined for component null
2022-11-30 15:01:39,723 [WARN] ModelIntegratedComponent:64 - No mode defined for component null
2022-11-30 15:01:39,723 [WARN] ModelIntegratedComponent:64 - No mode defined for component null
2022-11-30 15:01:39,723 [WARN] ModelIntegratedComponent:64 - No mode defined for component null
2022-11-30 15:01:39,723 [WARN] ModelIntegratedComponent:64 - No mode defined for component null
2022-11-30 15:01:39,723 [WARN] ModelIntegratedComponent:64 - No mode defined for component null
2022-11-30 15:01:39,723 [WARN] ModelIntegratedComponent:64 - No mode defined for component null
2022-11-30 15:01:39,723 [WARN] ModelIntegratedComponent:64 - No mode defined for component null
2022-11-30 15:01:39,723 [WARN] ModelIntegratedComponent:64 - No mode defined for component null
2022-11-30 15:01:39,723 [WARN] ModelIntegratedComponent:64 - No mode defined for component null
2022-11-30 15:01:39,723 [WARN] ModelIntegratedComponent:64 - No mode defined for component null
2022-11-30 15:01:39,723 [WARN] ModelIntegratedComponent:64 - No mode defined for component null
2022-11-30 15:01:39,723 [WARN] ModelIntegratedComponent:64 - No mode defined for component null
2022-11-30 15:01:39,723 [WARN] ModelIntegratedComponent:64 - No mode defined for component null
2022-11-30 15:01:39,723 [WARN] ModelIntegratedComponent:64 - No mode defined for component null
2022-11-30 15:01:39,723 [WARN] ModelIntegratedComponent:64 - No mode defined for component null
2022-11-30 15:01:39,723 [WARN] ModelIntegratedComponent:64 - No mode defined for component null
2022-11-30 15:01:39,723 [WARN] ModelIntegratedComponent:64 - No mode defined for component null
2022-11-30 15:01:39,723 [WARN] ModelIntegratedComponent:64 - No mode defined for component null
2022-11-30 15:01:39,723 [WARN] ModelIntegratedComponent:64 - No mode defined for component null
2022-11-30 15:01:39,723 [WARN] ModelIntegratedComponent:64 - No mode defined for component null
2022-11-30 15:01:39,723 [WARN] ModelIntegratedComponent:64 - No mode defined for component null
2022-11-30 15:01:39,723 [WARN] ModelIntegratedComponent:64 - No mode defined for component null
2022-11-30 15:01:39,723 [WARN] ModelIntegratedComponent:64 - No mode defined for component null
2022-11-30 15:01:39,723 [WARN] ModelIntegratedComponent:64 - No mode defined for component null
2022-11-30 15:01:39,723 [WARN] ModelIntegratedComponent:64 - No mode defined for component null
2022-11-30 15:01:39,723 [WARN] ModelIntegratedComponent:64 - No mode defined for component null
2022-11-30 15:01:39,723 [WARN] ModelIntegratedComponent:64 - No mode defined for component null
2022-11-30 15:01:39,723 [WARN] ModelIntegratedComponent:64 - No mode defined for component null
2022-11-30 15:01:39,723 [WARN] ModelIntegratedComponent:64 - No mode defined for component null
2022-11-30 15:01:39,723 [WARN] ModelIntegratedComponent:64 - No mode defined for component null
2022-11-30 15:01:39,723 [WARN] ApiManager:308 - Cannot register API 'Board Extension:NFC07A1' from pack STMicroelectronics.X-CUBE-NFC7.1.0.0: no header file found
2022-11-30 15:01:39,902 [WARN] ApiManager:308 - Cannot register API 'Board Extension:IKS01A3' from pack STMicroelectronics.X-CUBE-MEMS1.9.3.0: no header file found
2022-11-30 15:01:39,902 [WARN] ApiManager:308 - Cannot register API 'Board Extension:IKS01A2' from pack STMicroelectronics.X-CUBE-MEMS1.9.3.0: no header file found
2022-11-30 15:01:39,902 [WARN] ApiManager:308 - Cannot register API 'Board Extension:IKS02A1' from pack STMicroelectronics.X-CUBE-MEMS1.9.3.0: no header file found
2022-11-30 15:01:39,908 [WARN] ApiManager:308 - Cannot register API 'Board Extension:EEPRMA1' from pack STMicroelectronics.X-CUBE-EEPRMA1.3.1.1: no header file found
2022-11-30 15:01:39,908 [WARN] ApiManager:308 - Cannot register API 'Board Extension:EEPRMA2' from pack STMicroelectronics.X-CUBE-EEPRMA1.3.1.1: no header file found
2022-11-30 15:01:39,908 [WARN] ApiManager:308 - Cannot register API 'Board Extension:S2868A1' from pack STMicroelectronics.X-CUBE-SFXS2LP1.4.0.0: no header file found
2022-11-30 15:01:39,908 [WARN] ApiManager:308 - Cannot register API 'Board Extension:S2868A2' from pack STMicroelectronics.X-CUBE-SFXS2LP1.4.0.0: no header file found
2022-11-30 15:01:39,908 [WARN] ApiManager:308 - Cannot register API 'Board Extension:S2915A1' from pack STMicroelectronics.X-CUBE-SFXS2LP1.4.0.0: no header file found
2022-11-30 15:01:39,908 [WARN] ApiManager:308 - Cannot register API 'Wireless:BlueNRG-2' from pack STMicroelectronics.X-CUBE-BLE2.3.3.0: no header file found
2022-11-30 15:01:39,924 [INFO] ThirdPartyModel:289 - Start build external matchings
2022-11-30 15:01:40,356 [INFO] ThirdPartyModel:302 - End build external matchings
2022-11-30 15:01:41,017 [INFO] UtilMem:74 - End LoadConfig() Used Memory: 517274864 Bytes (751828992)
2022-11-30 15:01:41,127 [WARN] ThirdParty:789 - waiting for thirdparty lock release [change project]
2022-11-30 15:01:41,127 [INFO] ThirdParty:791 - entering critical section [change project]
2022-11-30 15:01:41,127 [INFO] ThirdParty:981 - CMSIS Pack Vendor :STMicroelectronics X-CUBE-ISPU 1.1.0
2022-11-30 15:01:41,127 [INFO] ThirdParty:981 - CMSIS Pack Vendor :RoweBots I-CUBE-UNISONRTOS 5.5.0-4
2022-11-30 15:01:41,127 [INFO] ThirdParty:981 - CMSIS Pack Vendor :STMicroelectronics X-CUBE-GNSS1 6.0.0
2022-11-30 15:01:41,127 [INFO] ThirdParty:981 - CMSIS Pack Vendor :STMicroelectronics X-CUBE-AZRTOS-H7 2.1.0
2022-11-30 15:01:41,127 [INFO] ThirdParty:981 - CMSIS Pack Vendor :STMicroelectronics USB_HOST 2.0.0
2022-11-30 15:01:41,127 [INFO] ThirdParty:981 - CMSIS Pack Vendor :STMicroelectronics X-CUBE-AZRTOS-F4 1.1.0
2022-11-30 15:01:41,127 [INFO] ThirdParty:981 - CMSIS Pack Vendor :STMicroelectronics LIBJPEG 8.0.0
2022-11-30 15:01:41,127 [INFO] ThirdParty:981 - CMSIS Pack Vendor :STMicroelectronics USB_DEVICE 3.0.0
2022-11-30 15:01:41,127 [INFO] ThirdParty:981 - CMSIS Pack Vendor :STMicroelectronics X-CUBE-BLEMGR 1.2.0
2022-11-30 15:01:41,127 [INFO] ThirdParty:981 - CMSIS Pack Vendor :STMicroelectronics X-CUBE-AZRTOS-F7 1.1.0
2022-11-30 15:01:41,127 [INFO] ThirdParty:981 - CMSIS Pack Vendor :STMicroelectronics USB_DEVICE 2.0.0
2022-11-30 15:01:41,127 [INFO] ThirdParty:981 - CMSIS Pack Vendor :STMicroelectronics X-CUBE-AI 7.3.0
2022-11-30 15:01:41,127 [INFO] ThirdParty:981 - CMSIS Pack Vendor :STMicroelectronics X-CUBE-BLE1 6.2.3
2022-11-30 15:01:41,127 [INFO] ThirdParty:981 - CMSIS Pack Vendor :STMicroelectronics X-CUBE-ALGOBUILD 1.3.0
2022-11-30 15:01:41,127 [INFO] ThirdParty:981 - CMSIS Pack Vendor :STMicroelectronics X-CUBE-BLE1 6.2.4
2022-11-30 15:01:41,127 [INFO] ThirdParty:981 - CMSIS Pack Vendor :STMicroelectronics FreeRTOS 0.0.1
2022-11-30 15:01:41,127 [INFO] ThirdParty:981 - CMSIS Pack Vendor :STMicroelectronics X-CUBE-AZRTOS-G0 1.1.0
2022-11-30 15:01:41,127 [INFO] ThirdParty:981 - CMSIS Pack Vendor :STMicroelectronics X-CUBE-SUBG2 5.0.0
2022-11-30 15:01:41,127 [INFO] ThirdParty:981 - CMSIS Pack Vendor :STMicroelectronics STM32_WPAN 1.0.0
2022-11-30 15:01:41,127 [INFO] ThirdParty:981 - CMSIS Pack Vendor :SEGGER I-CUBE-embOS 1.2.1
2022-11-30 15:01:41,127 [INFO] ThirdParty:981 - CMSIS Pack Vendor :STMicroelectronics lwIP 2.0.3
2022-11-30 15:01:41,127 [INFO] ThirdParty:981 - CMSIS Pack Vendor :STMicroelectronics X-CUBE-NFC4 2.0.5
2022-11-30 15:01:41,127 [INFO] ThirdParty:981 - CMSIS Pack Vendor :STMicroelectronics X-CUBE-NFC4 2.0.4
2022-11-30 15:01:41,127 [INFO] ThirdParty:981 - CMSIS Pack Vendor :STMicroelectronics USB_HOST 1.0.0
2022-11-30 15:01:41,127 [INFO] ThirdParty:981 - CMSIS Pack Vendor :STMicroelectronics PDM2PCM 3.1.0
2022-11-30 15:01:41,127 [INFO] ThirdParty:981 - CMSIS Pack Vendor :STMicroelectronics FP-ATR-ASTRA1 1.1.1
2022-11-30 15:01:41,127 [INFO] ThirdParty:981 - CMSIS Pack Vendor :STMicroelectronics PDM2PCM 3.3.0
2022-11-30 15:01:41,127 [INFO] ThirdParty:981 - CMSIS Pack Vendor :STMicroelectronics X-CUBE-AZRTOS-G4 1.0.0
2022-11-30 15:01:41,127 [INFO] ThirdParty:981 - CMSIS Pack Vendor :STMicroelectronics FP-ATR-SIGFOX1 3.2.0
2022-11-30 15:01:41,127 [INFO] ThirdParty:981 - CMSIS Pack Vendor :STMicroelectronics X-CUBE-AZRTOS-L4 1.0.0
2022-11-30 15:01:41,127 [INFO] ThirdParty:981 - CMSIS Pack Vendor :wolfSSL I-CUBE-wolfSSL 5.5.1
2022-11-30 15:01:41,127 [INFO] ThirdParty:981 - CMSIS Pack Vendor :STMicroelectronics HAL Drivers 0.0.0
2022-11-30 15:01:41,127 [INFO] ThirdParty:981 - CMSIS Pack Vendor :STMicroelectronics MBEDTLS 2.16.2
2022-11-30 15:01:41,127 [INFO] ThirdParty:981 - CMSIS Pack Vendor :emotas I-CUBE-CANOPEN 1.1.2
2022-11-30 15:01:41,127 [INFO] ThirdParty:981 - CMSIS Pack Vendor :STMicroelectronics X-CUBE-TOUCHGFX 4.20.0
2022-11-30 15:01:41,127 [INFO] ThirdParty:981 - CMSIS Pack Vendor :STMicroelectronics MBEDTLS 2.14.1
2022-11-30 15:01:41,127 [INFO] ThirdParty:981 - CMSIS Pack Vendor :STMicroelectronics X-CUBE-NFC7 1.0.0
2022-11-30 15:01:41,127 [INFO] ThirdParty:981 - CMSIS Pack Vendor :STMicroelectronics X-CUBE-AZRTOS-WL 1.0.0
2022-11-30 15:01:41,127 [INFO] ThirdParty:981 - CMSIS Pack Vendor :STMicroelectronics X-CUBE-MEMS1 9.3.0
2022-11-30 15:01:41,127 [INFO] ThirdParty:981 - CMSIS Pack Vendor :portGmbH I-Cube-SoM-uGOAL 1.1.0
2022-11-30 15:01:41,127 [INFO] ThirdParty:981 - CMSIS Pack Vendor :STMicroelectronics X-CUBE-ALS 1.0.1
2022-11-30 15:01:41,127 [INFO] ThirdParty:981 - CMSIS Pack Vendor :STMicroelectronics ThreadX 1.0.0
2022-11-30 15:01:41,127 [INFO] ThirdParty:981 - CMSIS Pack Vendor :STMicroelectronics X-CUBE-AZRTOS-L5 1.0.0
2022-11-30 15:01:41,127 [INFO] ThirdParty:981 - CMSIS Pack Vendor :STMicroelectronics USB_DEVICE 1.0.0
2022-11-30 15:01:41,127 [INFO] ThirdParty:981 - CMSIS Pack Vendor :STMicroelectronics X-CUBE-EEPRMA1 3.1.1
2022-11-30 15:01:41,127 [INFO] ThirdParty:981 - CMSIS Pack Vendor :STMicroelectronics ThreadX 0.0.2
2022-11-30 15:01:41,127 [INFO] ThirdParty:981 - CMSIS Pack Vendor :STMicroelectronics lwIP 2.1.2
2022-11-30 15:01:41,127 [INFO] ThirdParty:981 - CMSIS Pack Vendor :STMicroelectronics X-CUBE-SFXS2LP1 4.0.0
2022-11-30 15:01:41,127 [INFO] ThirdParty:981 - CMSIS Pack Vendor :STMicroelectronics X-CUBE-BLE2 3.3.0
2022-11-30 15:01:41,127 [INFO] ThirdParty:981 - CMSIS Pack Vendor :STMicroelectronics X-CUBE-DISPLAY 2.2.0
2022-11-30 15:01:41,127 [INFO] ThirdParty:981 - CMSIS Pack Vendor :STMicroelectronics X-CUBE-TOF1 3.2.0
2022-11-30 15:01:41,127 [INFO] ThirdParty:981 - CMSIS Pack Vendor :STMicroelectronics PDM2PCM 3.2.0
2022-11-30 15:01:41,127 [INFO] ThirdParty:981 - CMSIS Pack Vendor :STMicroelectronics X-CUBE-ISPU 1.0.0
2022-11-30 15:01:41,127 [INFO] ThirdParty:797 - exiting critical section [change project]
2022-11-30 15:01:41,745 [INFO] PinOutPanel:1468 - setPackage(No Configuration,No Configuration)
2022-11-30 15:01:41,745 [INFO] PinOutPanel:1468 - setPackage(STM32L4R5ZITxP,LQFP144)
2022-11-30 15:01:42,309 [INFO] UtilMem:74 - Before build in PCC Used Memory: 631469496 Bytes (751828992)
2022-11-30 15:01:43,133 [INFO] UtilMem:74 - After build in PCC Used Memory: 640042128 Bytes (751828992)
2022-11-30 15:01:43,180 [INFO] IPUIPlugin:79 - create IPUIPlugin
2022-11-30 15:01:43,180 [INFO] IPUIPlugin:79 - create IPUIPlugin
2022-11-30 15:01:43,180 [INFO] IPUIPlugin:79 - create IPUIPlugin
2022-11-30 15:01:43,180 [INFO] IPUIPlugin:79 - create IPUIPlugin
2022-11-30 15:01:43,180 [INFO] IPUIPlugin:79 - create IPUIPlugin
2022-11-30 15:01:43,180 [INFO] IPUIPlugin:79 - create IPUIPlugin
2022-11-30 15:01:43,180 [INFO] IPUIPlugin:79 - create IPUIPlugin
2022-11-30 15:01:43,180 [INFO] IPUIPlugin:79 - create IPUIPlugin
2022-11-30 15:01:43,180 [INFO] IPUIPlugin:79 - create IPUIPlugin
2022-11-30 15:01:43,180 [INFO] IPUIPlugin:79 - create IPUIPlugin
2022-11-30 15:01:43,180 [INFO] IPUIPlugin:79 - create IPUIPlugin
2022-11-30 15:01:43,180 [INFO] IPUIPlugin:79 - create IPUIPlugin
2022-11-30 15:01:43,180 [INFO] IPUIPlugin:79 - create IPUIPlugin
2022-11-30 15:01:43,180 [INFO] IPUIPlugin:79 - create IPUIPlugin
2022-11-30 15:01:43,180 [INFO] IPUIPlugin:79 - create IPUIPlugin
2022-11-30 15:01:43,180 [INFO] IPUIPlugin:79 - create IPUIPlugin
2022-11-30 15:01:43,180 [INFO] IPUIPlugin:79 - create IPUIPlugin
2022-11-30 15:01:43,180 [INFO] IPUIPlugin:79 - create IPUIPlugin
2022-11-30 15:01:43,180 [INFO] IPUIPlugin:79 - create IPUIPlugin
2022-11-30 15:01:43,180 [INFO] IPUIPlugin:79 - create IPUIPlugin
2022-11-30 15:01:43,180 [INFO] IPUIPlugin:79 - create IPUIPlugin
2022-11-30 15:01:43,180 [INFO] IPUIPlugin:79 - create IPUIPlugin
2022-11-30 15:01:43,180 [INFO] IPUIPlugin:79 - create IPUIPlugin
2022-11-30 15:01:43,180 [INFO] IPUIPlugin:79 - create IPUIPlugin
2022-11-30 15:01:43,180 [INFO] IPUIPlugin:79 - create IPUIPlugin
2022-11-30 15:01:43,180 [INFO] IPUIPlugin:79 - create IPUIPlugin
2022-11-30 15:01:43,180 [INFO] IPUIPlugin:79 - create IPUIPlugin
2022-11-30 15:01:43,180 [INFO] IPUIPlugin:79 - create IPUIPlugin
2022-11-30 15:01:43,180 [INFO] IPUIPlugin:79 - create IPUIPlugin
2022-11-30 15:01:43,180 [INFO] IPUIPlugin:79 - create IPUIPlugin
2022-11-30 15:01:43,180 [INFO] IPUIPlugin:79 - create IPUIPlugin
2022-11-30 15:01:43,180 [INFO] IPUIPlugin:79 - create IPUIPlugin
2022-11-30 15:01:43,180 [INFO] IPUIPlugin:79 - create IPUIPlugin
2022-11-30 15:01:43,180 [INFO] IPUIPlugin:79 - create IPUIPlugin
2022-11-30 15:01:43,180 [INFO] IPUIPlugin:79 - create IPUIPlugin
2022-11-30 15:01:43,180 [INFO] IPUIPlugin:79 - create IPUIPlugin
2022-11-30 15:01:43,180 [INFO] IPUIPlugin:79 - create IPUIPlugin
2022-11-30 15:01:43,180 [INFO] IPUIPlugin:79 - create IPUIPlugin
2022-11-30 15:01:43,196 [INFO] IPUIPlugin:79 - create IPUIPlugin
2022-11-30 15:01:43,196 [INFO] IPUIPlugin:79 - create IPUIPlugin
2022-11-30 15:01:43,196 [INFO] IPUIPlugin:79 - create IPUIPlugin
2022-11-30 15:01:43,196 [INFO] IPUIPlugin:79 - create IPUIPlugin
2022-11-30 15:01:43,196 [INFO] IPUIPlugin:79 - create IPUIPlugin
2022-11-30 15:01:43,196 [INFO] IPUIPlugin:79 - create IPUIPlugin
2022-11-30 15:01:43,196 [INFO] IPUIPlugin:79 - create IPUIPlugin
2022-11-30 15:01:43,196 [INFO] IPUIPlugin:79 - create IPUIPlugin
2022-11-30 15:01:43,196 [INFO] IPUIPlugin:79 - create IPUIPlugin
2022-11-30 15:01:43,196 [INFO] IPUIPlugin:79 - create IPUIPlugin
2022-11-30 15:01:43,196 [INFO] IPUIPlugin:79 - create IPUIPlugin
2022-11-30 15:01:43,196 [INFO] IPUIPlugin:79 - create IPUIPlugin
2022-11-30 15:01:43,196 [INFO] IPUIPlugin:79 - create IPUIPlugin
2022-11-30 15:01:43,196 [INFO] IPUIPlugin:79 - create IPUIPlugin
2022-11-30 15:01:43,196 [INFO] IPUIPlugin:79 - create IPUIPlugin
2022-11-30 15:01:43,196 [INFO] IPUIPlugin:79 - create IPUIPlugin
2022-11-30 15:01:43,196 [INFO] IPUIPlugin:79 - create IPUIPlugin
2022-11-30 15:01:43,196 [INFO] IPUIPlugin:79 - create IPUIPlugin
2022-11-30 15:01:43,196 [INFO] IPUIPlugin:79 - create IPUIPlugin
2022-11-30 15:01:43,196 [INFO] IPUIPlugin:79 - create IPUIPlugin
2022-11-30 15:01:43,196 [INFO] IPUIPlugin:79 - create IPUIPlugin
2022-11-30 15:01:43,196 [INFO] IPUIPlugin:79 - create IPUIPlugin
2022-11-30 15:01:43,196 [INFO] IPUIPlugin:79 - create IPUIPlugin
2022-11-30 15:01:43,398 [INFO] OpenFileManager:327 - Restore cursor
2022-11-30 15:01:44,384 [INFO] UtilMem:74 - End SaveConfig() Used Memory: 565769184 Bytes (751828992)
2022-11-30 15:01:44,437 [INFO] UtilMem:74 - End SaveConfig() Used Memory: 593024064 Bytes (751828992)
2022-11-30 15:01:44,838 [INFO] BlockDiagram:2753 - set Specific Code input for plugin: SPI
2022-11-30 15:01:44,838 [INFO] BlockDiagram:2753 - set Specific Code input for plugin: TIM1_8L4
2022-11-30 15:01:44,838 [INFO] BlockDiagram:2753 - set Specific Code input for plugin: TIM1_8L4
2022-11-30 15:01:44,838 [INFO] BlockDiagram:2753 - set Specific Code input for plugin: TIM1_8L4
2022-11-30 15:01:44,838 [INFO] BlockDiagram:2753 - set Specific Code input for plugin: ADC
2022-11-30 15:01:44,838 [INFO] BlockDiagram:2753 - set Specific Code input for plugin: RCC
2022-11-30 15:01:44,838 [INFO] BlockDiagram:2753 - set Specific Code input for plugin: LPUART
2022-11-30 15:01:44,838 [INFO] BlockDiagram:2753 - set Specific Code input for plugin: NVIC
2022-11-30 15:01:44,838 [INFO] BlockDiagram:2753 - set Specific Code input for plugin: GPIO
2022-11-30 15:01:44,838 [INFO] CodeGenerator:690 - code generatio: config db path: C:\ST\STM32CubeIDE_1.10.1\STM32CubeIDE\plugins\com.st.stm32cube.common.mx_6.6.1.202207061420\\db\
2022-11-30 15:01:45,155 [INFO] CodeEngine:245 - oldGeneratedFile, D:\EECS373\CatchBot\eecs373_CatchBot\Project\Project\MXTmpFiles\license.tmp_save
2022-11-30 15:01:45,540 [INFO] CodeEngine:269 - Generated code: D:\EECS373\CatchBot\eecs373_CatchBot\Project\Project\MXTmpFiles\license.tmp
2022-11-30 15:01:45,687 [INFO] CodeEngine:245 - oldGeneratedFile, D:\EECS373\CatchBot\eecs373_CatchBot\Project\Project\MXTmpFiles\gpio.tmp_save
2022-11-30 15:01:45,787 [INFO] CodeEngine:269 - Generated code: D:\EECS373\CatchBot\eecs373_CatchBot\Project\Project\MXTmpFiles\gpio.tmp
2022-11-30 15:01:46,289 [INFO] CodeEngine:245 - oldGeneratedFile, D:\EECS373\CatchBot\eecs373_CatchBot\Project\Project\Core\Src\stm32l4xx_it.c_save
2022-11-30 15:01:46,427 [INFO] CodeEngine:269 - Generated code: D:\EECS373\CatchBot\eecs373_CatchBot\Project\Project\Core\Src\stm32l4xx_it.c
2022-11-30 15:01:46,427 [INFO] CodeEngine:245 - oldGeneratedFile, D:\EECS373\CatchBot\eecs373_CatchBot\Project\Project\Core\Inc\stm32l4xx_it.h_save
2022-11-30 15:01:46,505 [INFO] CodeEngine:269 - Generated code: D:\EECS373\CatchBot\eecs373_CatchBot\Project\Project\Core\Inc\stm32l4xx_it.h
2022-11-30 15:01:46,558 [INFO] CodeEngine:245 - oldGeneratedFile, D:\EECS373\CatchBot\eecs373_CatchBot\Project\Project\Core\Src\stm32l4xx_hal_msp.c_save
2022-11-30 15:01:46,690 [INFO] CodeEngine:269 - Generated code: D:\EECS373\CatchBot\eecs373_CatchBot\Project\Project\Core\Src\stm32l4xx_hal_msp.c
2022-11-30 15:01:46,690 [INFO] CodeEngine:245 - oldGeneratedFile, D:\EECS373\CatchBot\eecs373_CatchBot\Project\Project\MXTmpFiles\system.tmp_save
2022-11-30 15:01:46,759 [INFO] CodeEngine:269 - Generated code: D:\EECS373\CatchBot\eecs373_CatchBot\Project\Project\MXTmpFiles\system.tmp
2022-11-30 15:01:46,759 [INFO] CodeEngine:245 - oldGeneratedFile, D:\EECS373\CatchBot\eecs373_CatchBot\Project\Project\Core\Inc\stm32l4xx_hal_conf.h_save
2022-11-30 15:01:46,844 [INFO] CodeEngine:269 - Generated code: D:\EECS373\CatchBot\eecs373_CatchBot\Project\Project\Core\Inc\stm32l4xx_hal_conf.h
2022-11-30 15:01:46,875 [WARN] IPConfigManager:3348 - IP not found : TIM
2022-11-30 15:01:46,875 [WARN] CodeGenerator:3567 - IP not found : null
2022-11-30 15:01:46,875 [INFO] CodeEngine:245 - oldGeneratedFile, D:\EECS373\CatchBot\eecs373_CatchBot\Project\Project\Core\Inc\main.h_save
2022-11-30 15:01:46,944 [INFO] CodeEngine:269 - Generated code: D:\EECS373\CatchBot\eecs373_CatchBot\Project\Project\Core\Inc\main.h
2022-11-30 15:01:46,944 [INFO] CodeEngine:245 - oldGeneratedFile, D:\EECS373\CatchBot\eecs373_CatchBot\Project\Project\Core\Src\main.c_save
2022-11-30 15:01:47,123 [INFO] CodeEngine:269 - Generated code: D:\EECS373\CatchBot\eecs373_CatchBot\Project\Project\Core\Src\main.c
2022-11-30 15:01:47,964 [INFO] ProjectBuilder:2919 - Time for Copy HAL[1] : 155mS.
2022-11-30 15:01:47,982 [INFO] ProjectBuilder:4117 - Project Generator version: 3.17.1
2022-11-30 15:01:48,332 [INFO] ConfigFileManager:1394 - The Die is : DIE470
2022-11-30 15:01:48,347 [INFO] ApiDbMcu:505 - Load IP Config File for FATFS
2022-11-30 15:01:48,347 [INFO] ApiDbMcu:505 - Load IP Config File for FREERTOS
2022-11-30 15:01:48,363 [INFO] ApiDbMcu:505 - Load IP Config File for TOUCHSENSING
2022-11-30 15:01:48,363 [INFO] ApiDbMcu:505 - Load IP Config File for USB_DEVICE
2022-11-30 15:01:48,378 [INFO] ApiDbMcu:505 - Load IP Config File for USB_HOST
2022-11-30 15:01:52,026 [INFO] ProjectBuilder:4285 - Time for Generating toolchain IDE Files: 4044mS.
2022-11-30 15:01:52,026 [INFO] ProjectBuilder:2790 - Time for Copy CMSIS : 0mS.
2022-11-30 15:01:52,026 [INFO] ProjectBuilder:2790 - Time for Copy CMSIS : 0mS.
2022-11-30 15:01:52,257 [INFO] McuFinderGlobals:57 - Set McuFinderConnectedMode to true
2022-11-30 15:01:52,257 [INFO] ApiDb:443 - Save user favorites file C:\Users\bobze/.stm32cubeide/favorites.mcus.txt: 0 item(s)
2022-11-30 15:01:52,257 [INFO] ApiDb:447 - User favorites MCUs=[]
2022-11-30 15:01:52,902 [ERROR] LogOutputStream:74 - [STDERR_REDIRECT] Exception in thread "AWT-EventQueue-0" java.awt.IllegalComponentStateException: Native resources unavailable
2022-11-30 15:01:52,902 [ERROR] LogOutputStream:74 - [STDERR_REDIRECT] 	at java.desktop/sun.awt.windows.WWindowPeer.getScreenImOn(Native Method)
2022-11-30 15:01:52,902 [ERROR] LogOutputStream:74 - [STDERR_REDIRECT] 	at java.desktop/sun.awt.windows.WWindowPeer.updateGC(WWindowPeer.java:566)
2022-11-30 15:01:52,908 [ERROR] LogOutputStream:74 - [STDERR_REDIRECT] 	at java.desktop/java.awt.event.InvocationEvent.dispatch(InvocationEvent.java:313)
2022-11-30 15:01:52,908 [ERROR] LogOutputStream:74 - [STDERR_REDIRECT] 	at java.desktop/java.awt.EventQueue.dispatchEventImpl(EventQueue.java:770)
2022-11-30 15:01:52,908 [ERROR] LogOutputStream:74 - [STDERR_REDIRECT] 	at java.desktop/java.awt.EventQueue$4.run(EventQueue.java:721)
2022-11-30 15:01:52,908 [ERROR] LogOutputStream:74 - [STDERR_REDIRECT] 	at java.desktop/java.awt.EventQueue$4.run(EventQueue.java:715)
2022-11-30 15:01:52,908 [ERROR] LogOutputStream:74 - [STDERR_REDIRECT] 	at java.base/java.security.AccessController.doPrivileged(Native Method)
2022-11-30 15:01:52,908 [ERROR] LogOutputStream:74 - [STDERR_REDIRECT] 	at java.base/java.security.ProtectionDomain$JavaSecurityAccessImpl.doIntersectionPrivilege(ProtectionDomain.java:85)
2022-11-30 15:01:52,908 [ERROR] LogOutputStream:74 - [STDERR_REDIRECT] 	at java.base/java.security.ProtectionDomain$JavaSecurityAccessImpl.doIntersectionPrivilege(ProtectionDomain.java:95)
2022-11-30 15:01:52,908 [ERROR] LogOutputStream:74 - [STDERR_REDIRECT] 	at java.desktop/java.awt.EventQueue$5.run(EventQueue.java:745)
2022-11-30 15:01:52,908 [ERROR] LogOutputStream:74 - [STDERR_REDIRECT] 	at java.desktop/java.awt.EventQueue$5.run(EventQueue.java:743)
2022-11-30 15:01:52,924 [ERROR] LogOutputStream:74 - [STDERR_REDIRECT] 	at java.base/java.security.AccessController.doPrivileged(Native Method)
2022-11-30 15:01:52,924 [ERROR] LogOutputStream:74 - [STDERR_REDIRECT] 	at java.base/java.security.ProtectionDomain$JavaSecurityAccessImpl.doIntersectionPrivilege(ProtectionDomain.java:85)
2022-11-30 15:01:52,924 [ERROR] LogOutputStream:74 - [STDERR_REDIRECT] 	at java.desktop/java.awt.EventQueue.dispatchEvent(EventQueue.java:742)
2022-11-30 15:01:52,924 [ERROR] LogOutputStream:74 - [STDERR_REDIRECT] 	at java.desktop/java.awt.EventDispatchThread.pumpOneEventForFilters(EventDispatchThread.java:203)
2022-11-30 15:01:52,924 [ERROR] LogOutputStream:74 - [STDERR_REDIRECT] 	at java.desktop/java.awt.EventDispatchThread.pumpEventsForFilter(EventDispatchThread.java:124)
2022-11-30 15:01:52,924 [ERROR] LogOutputStream:74 - [STDERR_REDIRECT] 	at java.desktop/java.awt.EventDispatchThread.pumpEventsForHierarchy(EventDispatchThread.java:113)
2022-11-30 15:01:52,924 [ERROR] LogOutputStream:74 - [STDERR_REDIRECT] 	at java.desktop/java.awt.EventDispatchThread.pumpEvents(EventDispatchThread.java:109)
2022-11-30 15:01:52,939 [ERROR] LogOutputStream:74 - [STDERR_REDIRECT] 	at java.desktop/java.awt.EventDispatchThread.pumpEvents(EventDispatchThread.java:101)
2022-11-30 15:01:52,939 [ERROR] LogOutputStream:74 - [STDERR_REDIRECT] 	at java.desktop/java.awt.EventDispatchThread.run(EventDispatchThread.java:90)
2022-11-30 15:02:51,255 [ERROR] LogOutputStream:74 - [STDERR_REDIRECT] 
