2022-11-30 15:03:13,652 [INFO] Activator:177 - 


2022-11-30 15:03:13,652 [INFO] Activator:178 - !SESSION log4j initialized
2022-11-30 15:03:36,955 [ERROR] LogOutputStream:74 - [STDERR_REDIRECT] SLF4J: Failed to load class "org.slf4j.impl.StaticLoggerBinder".
2022-11-30 15:03:36,955 [ERROR] LogOutputStream:74 - [STDERR_REDIRECT] SLF4J: Defaulting to no-operation (NOP) logger implementation
2022-11-30 15:03:36,955 [ERROR] LogOutputStream:74 - [STDERR_REDIRECT] SLF4J: See http://www.slf4j.org/codes.html#StaticLoggerBinder for further details.
2022-11-30 16:10:07,327 [INFO] McuFinderGlobals:44 - Set McuFinder mode to 2 (CubeIDE integrated)
2022-11-30 16:10:09,573 [INFO] ApplicationProperties:181 - Using Application install path: C:\ST\STM32CubeIDE_1.10.1\STM32CubeIDE\plugins\com.st.stm32cube.common.mx_6.6.1.202207061420
2022-11-30 16:10:09,589 [INFO] DbMcusXml:77 - Set database path to: C:\ST\STM32CubeIDE_1.10.1\STM32CubeIDE\plugins\com.st.stm32cube.common.mx_6.6.1.202207061420\\db\/mcu/
2022-11-30 16:10:09,589 [INFO] ApiDb:269 - Set plugin database path to: C:\ST\STM32CubeIDE_1.10.1\STM32CubeIDE\plugins\com.st.stm32cube.common.mx_6.6.1.202207061420\\db\/plugins/boardmanager/
2022-11-30 16:10:09,589 [WARN] ApiDb:254 - Overriding images path with different value:  => C:\ST\STM32CubeIDE_1.10.1\STM32CubeIDE\plugins\com.st.stm32cube.common.mx_6.6.1.202207061420\\db\/plugins/mcufinder/images/
2022-11-30 16:10:09,604 [INFO] ApiDb:249 - Set database path to: C:\Users\bobze\.stmcufinder\plugins\mcufinder//mcu/
2022-11-30 16:10:09,604 [INFO] DbMcusAds:124 - Set database path to: C:\Users\bobze\.stmcufinder\plugins\mcufinder//mcu/
2022-11-30 16:10:09,626 [INFO] CrossReferenceDbSqlite:201 - Set database path to: C:\Users\bobze\.stmcufinder\plugins\mcufinder//mcu/cs/
2022-11-30 16:10:09,709 [INFO] RulesReader:61 - Compatibility file has been processed (282 Rules)
2022-11-30 16:10:09,789 [INFO] DbMcusXml:77 - Set database path to: C:\ST\STM32CubeIDE_1.10.1\STM32CubeIDE\plugins\com.st.stm32cube.common.mx_6.6.1.202207061420\\db\/mcu/
2022-11-30 16:10:09,789 [INFO] ApiDb:269 - Set plugin database path to: C:\ST\STM32CubeIDE_1.10.1\STM32CubeIDE\plugins\com.st.stm32cube.common.mx_6.6.1.202207061420\\db\/plugins/boardmanager/
2022-11-30 16:10:09,789 [INFO] ApiDb:256 - Set plugin images path to: C:\ST\STM32CubeIDE_1.10.1\STM32CubeIDE\plugins\com.st.stm32cube.common.mx_6.6.1.202207061420\\db\/plugins/mcufinder/images/
2022-11-30 16:10:09,789 [WARN] DbFile:40 - Overriding database path with different value: C:\Users\bobze\.stmcufinder\plugins\mcufinder/ => C:\Users\bobze\.stmcufinder\plugins\mcufinder
2022-11-30 16:10:09,789 [INFO] ApiDb:249 - Set database path to: C:\Users\bobze\.stmcufinder\plugins\mcufinder//mcu/
2022-11-30 16:10:09,789 [WARN] DbFile:40 - Overriding database path with different value: C:\Users\bobze\.stmcufinder\plugins\mcufinder/ => C:\Users\bobze\.stmcufinder\plugins\mcufinder
2022-11-30 16:10:09,789 [INFO] DbMcusAds:124 - Set database path to: C:\Users\bobze\.stmcufinder\plugins\mcufinder//mcu/
2022-11-30 16:10:09,789 [WARN] DbFile:40 - Overriding database path with different value: C:\Users\bobze\.stmcufinder\plugins\mcufinder/ => C:\Users\bobze\.stmcufinder\plugins\mcufinder
2022-11-30 16:10:09,789 [WARN] DbFile:40 - Overriding database path with different value: C:\Users\bobze\.stmcufinder\plugins\mcufinder/ => C:\Users\bobze\.stmcufinder\plugins\mcufinder
2022-11-30 16:10:09,789 [INFO] CrossReferenceDbSqlite:201 - Set database path to: C:\Users\bobze\.stmcufinder\plugins\mcufinder//mcu/cs/
2022-11-30 16:10:09,858 [INFO] MainPanel:242 - HeapMemory: 550502400
2022-11-30 16:10:09,958 [INFO] DbMcusXml:77 - Set database path to: C:\ST\STM32CubeIDE_1.10.1\STM32CubeIDE\plugins\com.st.stm32cube.common.mx_6.6.1.202207061420\\db\/mcu/
2022-11-30 16:10:09,958 [INFO] ApiDb:269 - Set plugin database path to: C:\ST\STM32CubeIDE_1.10.1\STM32CubeIDE\plugins\com.st.stm32cube.common.mx_6.6.1.202207061420\\db\/plugins/boardmanager/
2022-11-30 16:10:09,958 [INFO] ApiDb:256 - Set plugin images path to: C:\ST\STM32CubeIDE_1.10.1\STM32CubeIDE\plugins\com.st.stm32cube.common.mx_6.6.1.202207061420\\db\/plugins/mcufinder/images/
2022-11-30 16:10:09,958 [WARN] DbFile:40 - Overriding database path with different value: C:\Users\bobze\.stmcufinder\plugins\mcufinder/ => C:\Users\bobze\.stmcufinder\plugins\mcufinder
2022-11-30 16:10:09,958 [INFO] ApiDb:249 - Set database path to: C:\Users\bobze\.stmcufinder\plugins\mcufinder//mcu/
2022-11-30 16:10:09,958 [WARN] DbFile:40 - Overriding database path with different value: C:\Users\bobze\.stmcufinder\plugins\mcufinder/ => C:\Users\bobze\.stmcufinder\plugins\mcufinder
2022-11-30 16:10:09,958 [INFO] DbMcusAds:124 - Set database path to: C:\Users\bobze\.stmcufinder\plugins\mcufinder//mcu/
2022-11-30 16:10:09,958 [WARN] DbFile:40 - Overriding database path with different value: C:\Users\bobze\.stmcufinder\plugins\mcufinder/ => C:\Users\bobze\.stmcufinder\plugins\mcufinder
2022-11-30 16:10:09,958 [WARN] DbFile:40 - Overriding database path with different value: C:\Users\bobze\.stmcufinder\plugins\mcufinder/ => C:\Users\bobze\.stmcufinder\plugins\mcufinder
2022-11-30 16:10:09,958 [INFO] CrossReferenceDbSqlite:201 - Set database path to: C:\Users\bobze\.stmcufinder\plugins\mcufinder//mcu/cs/
2022-11-30 16:10:09,974 [INFO] ApplicationProperties:181 - Using Application install path: C:\ST\STM32CubeIDE_1.10.1\STM32CubeIDE\plugins\com.st.stm32cube.common.mx_6.6.1.202207061420
2022-11-30 16:10:09,974 [INFO] PluginManage:193 - Search for loadable plugins [exclusion list=, ]
2022-11-30 16:10:09,974 [INFO] PluginManage:307 - Check plugin analytics
2022-11-30 16:10:10,175 [INFO] AnalyticsPlugin:262 - Accepted Software Licenses: 
2022-11-30 16:10:10,175 [INFO] AnalyticsPlugin:264 - Accepted CMSIS Pack Licenses: 
2022-11-30 16:10:10,175 [INFO] AnalyticsPlugin:266 - Accepted Firmware Licenses: 
2022-11-30 16:10:10,175 [INFO] PluginManage:356 - Loaded plugin analytics (category:tool,tabindex:-1)
2022-11-30 16:10:10,175 [INFO] PluginManage:307 - Check plugin cadmodel
2022-11-30 16:10:10,175 [INFO] CADModel:65 - Init CAD model plugin
2022-11-30 16:10:10,190 [INFO] PluginManage:356 - Loaded plugin cadmodel (category:power,tabindex:5)
2022-11-30 16:10:10,190 [INFO] PluginManage:307 - Check plugin clock
2022-11-30 16:10:10,190 [INFO] PluginManage:356 - Loaded plugin clock (category:base,tabindex:2)
2022-11-30 16:10:10,190 [INFO] PluginManage:307 - Check plugin ddr
2022-11-30 16:10:10,206 [INFO] PluginManage:356 - Loaded plugin ddr (category:tool,tabindex:6)
2022-11-30 16:10:10,206 [INFO] PluginManage:307 - Check plugin filemanager
2022-11-30 16:10:10,328 [INFO] PluginManage:356 - Loaded plugin filemanager (category:base,tabindex:10)
2022-11-30 16:10:10,328 [INFO] PluginManage:307 - Check plugin ipmanager
2022-11-30 16:10:10,344 [INFO] PluginManage:356 - Loaded plugin ipmanager (category:base,tabindex:5)
2022-11-30 16:10:10,344 [INFO] PluginManage:307 - Check plugin lpbam
2022-11-30 16:10:10,344 [INFO] PluginManage:356 - Loaded plugin lpbam (category:base,tabindex:0)
2022-11-30 16:10:10,360 [INFO] PluginManage:307 - Check plugin pinoutandconfiguration
2022-11-30 16:10:10,360 [INFO] PluginManage:356 - Loaded plugin pinoutandconfiguration (category:base,tabindex:1)
2022-11-30 16:10:10,360 [INFO] PluginManage:307 - Check plugin pinoutconfig
2022-11-30 16:10:10,391 [INFO] PluginManage:356 - Loaded plugin pinoutconfig (category:base,tabindex:0)
2022-11-30 16:10:10,391 [INFO] PluginManage:307 - Check plugin power
2022-11-30 16:10:10,391 [INFO] PluginManage:356 - Loaded plugin power (category:power,tabindex:4)
2022-11-30 16:10:10,391 [INFO] PluginManage:307 - Check plugin projectmanager
2022-11-30 16:10:10,407 [INFO] PluginManage:356 - Loaded plugin projectmanager (category:projectmanager,tabindex:3)
2022-11-30 16:10:10,407 [INFO] PluginManage:307 - Check plugin thirdparty
2022-11-30 16:10:10,545 [INFO] PluginManage:356 - Loaded plugin thirdparty (category:base,tabindex:-1)
2022-11-30 16:10:10,545 [WARN] IntegrityCheckThread:82 - waiting for thirdparty lock release [integrity check]
2022-11-30 16:10:10,545 [INFO] PluginManage:307 - Check plugin tools
2022-11-30 16:10:10,545 [INFO] IntegrityCheckThread:84 - entering critical section [integrity check]
2022-11-30 16:10:10,560 [INFO] ThirdPartyUpdaterWithRetryManager:70 - Updater plugin not ready yet. [1/15]
2022-11-30 16:10:10,560 [INFO] PluginManage:356 - Loaded plugin tools (category:base,tabindex:7)
2022-11-30 16:10:10,560 [INFO] PluginManage:307 - Check plugin tutovideos
2022-11-30 16:10:10,729 [INFO] PluginManage:356 - Loaded plugin tutovideos (category:base,tabindex:-1)
2022-11-30 16:10:10,729 [INFO] PluginManage:307 - Check plugin updater
2022-11-30 16:10:10,745 [INFO] PluginManage:356 - Loaded plugin updater (category:base,tabindex:12)
2022-11-30 16:10:10,745 [INFO] PluginManage:280 - PluginManage : Loaded plugins [15]
2022-11-30 16:10:10,992 [INFO] PinOutPanel:1468 - setPackage(No Configuration,No Configuration)
2022-11-30 16:10:11,046 [INFO] CADModel:98 - CPN selected for project level
2022-11-30 16:10:11,061 [INFO] IPUIPlugin:79 - create IPUIPlugin
2022-11-30 16:10:11,061 [INFO] PluginManager:217 - loadIPPluginJar : add adc
2022-11-30 16:10:11,061 [INFO] IPUIPlugin:79 - create IPUIPlugin
2022-11-30 16:10:11,061 [INFO] PluginManager:217 - loadIPPluginJar : add aes
2022-11-30 16:10:11,077 [INFO] IPUIPlugin:79 - create IPUIPlugin
2022-11-30 16:10:11,077 [INFO] PluginManager:217 - loadIPPluginJar : add can
2022-11-30 16:10:11,077 [INFO] IPUIPlugin:79 - create IPUIPlugin
2022-11-30 16:10:11,077 [INFO] PluginManager:217 - loadIPPluginJar : add comp
2022-11-30 16:10:11,077 [INFO] IPUIPlugin:79 - create IPUIPlugin
2022-11-30 16:10:11,077 [INFO] PluginManager:217 - loadIPPluginJar : add cryp
2022-11-30 16:10:11,077 [INFO] IPUIPlugin:79 - create IPUIPlugin
2022-11-30 16:10:11,077 [INFO] PluginManager:217 - loadIPPluginJar : add dfsdm
2022-11-30 16:10:11,093 [INFO] IPUIPlugin:79 - create IPUIPlugin
2022-11-30 16:10:11,093 [INFO] PluginManager:217 - loadIPPluginJar : add dma
2022-11-30 16:10:11,093 [INFO] IPUIPlugin:79 - create IPUIPlugin
2022-11-30 16:10:11,093 [INFO] PluginManager:217 - loadIPPluginJar : add dma3
2022-11-30 16:10:11,093 [INFO] IPUIPlugin:79 - create IPUIPlugin
2022-11-30 16:10:11,093 [INFO] PluginManager:217 - loadIPPluginJar : add fatfs
2022-11-30 16:10:11,093 [INFO] IPUIPlugin:79 - create IPUIPlugin
2022-11-30 16:10:11,093 [INFO] PluginManager:217 - loadIPPluginJar : add fmc
2022-11-30 16:10:11,093 [INFO] IPUIPlugin:79 - create IPUIPlugin
2022-11-30 16:10:11,093 [INFO] PluginManager:217 - loadIPPluginJar : add freertos
2022-11-30 16:10:11,108 [INFO] IPUIPlugin:79 - create IPUIPlugin
2022-11-30 16:10:11,108 [INFO] PluginManager:217 - loadIPPluginJar : add genericplugin
2022-11-30 16:10:11,108 [INFO] IPUIPlugin:79 - create IPUIPlugin
2022-11-30 16:10:11,108 [INFO] PluginManager:217 - loadIPPluginJar : add gfxmmu
2022-11-30 16:10:11,108 [INFO] IPUIPlugin:79 - create IPUIPlugin
2022-11-30 16:10:11,108 [INFO] PluginManager:217 - loadIPPluginJar : add gic
2022-11-30 16:10:11,108 [INFO] IPUIPlugin:79 - create IPUIPlugin
2022-11-30 16:10:11,108 [INFO] PluginManager:217 - loadIPPluginJar : add gpio
2022-11-30 16:10:11,108 [INFO] IPUIPlugin:79 - create IPUIPlugin
2022-11-30 16:10:11,108 [INFO] PluginManager:217 - loadIPPluginJar : add gtzc
2022-11-30 16:10:11,124 [INFO] IPUIPlugin:79 - create IPUIPlugin
2022-11-30 16:10:11,124 [INFO] PluginManager:217 - loadIPPluginJar : add hash
2022-11-30 16:10:11,124 [INFO] IPUIPlugin:79 - create IPUIPlugin
2022-11-30 16:10:11,124 [INFO] PluginManager:217 - loadIPPluginJar : add i2c
2022-11-30 16:10:11,124 [INFO] IPUIPlugin:79 - create IPUIPlugin
2022-11-30 16:10:11,124 [INFO] PluginManager:217 - loadIPPluginJar : add i2s
2022-11-30 16:10:11,130 [INFO] IPUIPlugin:79 - create IPUIPlugin
2022-11-30 16:10:11,130 [INFO] PluginManager:217 - loadIPPluginJar : add ipddr
2022-11-30 16:10:11,130 [INFO] IPUIPlugin:79 - create IPUIPlugin
2022-11-30 16:10:11,130 [INFO] PluginManager:217 - loadIPPluginJar : add linkedlist
2022-11-30 16:10:11,130 [INFO] IPUIPlugin:79 - create IPUIPlugin
2022-11-30 16:10:11,130 [INFO] PluginManager:217 - loadIPPluginJar : add lorawan
2022-11-30 16:10:11,130 [INFO] IPUIPlugin:79 - create IPUIPlugin
2022-11-30 16:10:11,130 [INFO] PluginManager:217 - loadIPPluginJar : add ltdc
2022-11-30 16:10:11,146 [INFO] IPUIPlugin:79 - create IPUIPlugin
2022-11-30 16:10:11,146 [INFO] PluginManager:217 - loadIPPluginJar : add mdma
2022-11-30 16:10:11,146 [INFO] IPUIPlugin:79 - create IPUIPlugin
2022-11-30 16:10:11,146 [INFO] PluginManager:217 - loadIPPluginJar : add nvic
2022-11-30 16:10:11,146 [INFO] IPUIPlugin:79 - create IPUIPlugin
2022-11-30 16:10:11,146 [INFO] PluginManager:217 - loadIPPluginJar : add opamp
2022-11-30 16:10:11,146 [INFO] IPUIPlugin:79 - create IPUIPlugin
2022-11-30 16:10:11,146 [INFO] PluginManager:217 - loadIPPluginJar : add openamp
2022-11-30 16:10:11,146 [INFO] IPUIPlugin:79 - create IPUIPlugin
2022-11-30 16:10:11,146 [INFO] PluginManager:217 - loadIPPluginJar : add pdm2pcm
2022-11-30 16:10:11,162 [INFO] IPUIPlugin:79 - create IPUIPlugin
2022-11-30 16:10:11,162 [INFO] PluginManager:217 - loadIPPluginJar : add plateformsettings
2022-11-30 16:10:11,162 [INFO] IPUIPlugin:79 - create IPUIPlugin
2022-11-30 16:10:11,162 [INFO] PluginManager:217 - loadIPPluginJar : add quadspi
2022-11-30 16:10:11,162 [INFO] IPUIPlugin:79 - create IPUIPlugin
2022-11-30 16:10:11,162 [INFO] PluginManager:217 - loadIPPluginJar : add resmgrutility
2022-11-30 16:10:11,180 [INFO] IPUIPlugin:79 - create IPUIPlugin
2022-11-30 16:10:11,180 [INFO] PluginManager:217 - loadIPPluginJar : add sai
2022-11-30 16:10:11,180 [INFO] IPUIPlugin:79 - create IPUIPlugin
2022-11-30 16:10:11,180 [INFO] PluginManager:217 - loadIPPluginJar : add spi
2022-11-30 16:10:11,180 [INFO] IPUIPlugin:79 - create IPUIPlugin
2022-11-30 16:10:11,180 [INFO] PluginManager:217 - loadIPPluginJar : add stm32_wpan
2022-11-30 16:10:11,180 [INFO] IPUIPlugin:79 - create IPUIPlugin
2022-11-30 16:10:11,180 [INFO] PluginManager:217 - loadIPPluginJar : add tim
2022-11-30 16:10:11,198 [INFO] IPUIPlugin:79 - create IPUIPlugin
2022-11-30 16:10:11,199 [INFO] PluginManager:217 - loadIPPluginJar : add touchsensing
2022-11-30 16:10:11,199 [INFO] IPUIPlugin:79 - create IPUIPlugin
2022-11-30 16:10:11,199 [INFO] PluginManager:217 - loadIPPluginJar : add tracer_emb
2022-11-30 16:10:11,199 [INFO] IPUIPlugin:79 - create IPUIPlugin
2022-11-30 16:10:11,199 [INFO] PluginManager:217 - loadIPPluginJar : add ts
2022-11-30 16:10:11,199 [INFO] IPUIPlugin:79 - create IPUIPlugin
2022-11-30 16:10:11,199 [INFO] PluginManager:217 - loadIPPluginJar : add tsc
2022-11-30 16:10:11,199 [INFO] IPUIPlugin:79 - create IPUIPlugin
2022-11-30 16:10:11,199 [INFO] PluginManager:217 - loadIPPluginJar : add ucpd
2022-11-30 16:10:11,199 [INFO] IPUIPlugin:79 - create IPUIPlugin
2022-11-30 16:10:11,199 [INFO] PluginManager:217 - loadIPPluginJar : add usart
2022-11-30 16:10:11,215 [INFO] IPUIPlugin:79 - create IPUIPlugin
2022-11-30 16:10:11,215 [INFO] PluginManager:217 - loadIPPluginJar : add usbx
2022-11-30 16:10:11,494 [FATAL] Updater:301 - Updater called before beeing initialized
2022-11-30 16:10:11,625 [FATAL] Updater:301 - Updater called before beeing initialized
2022-11-30 16:10:11,633 [INFO] DbMcusAds:52 - JSON generation date=Thu Sep 30 02:55:09 EDT 2021 (1632984909377)
2022-11-30 16:10:11,633 [FATAL] Updater:301 - Updater called before beeing initialized
2022-11-30 16:10:11,684 [WARN] DetailPanel:344 - Failed to get advertising image, set to default
2022-11-30 16:10:11,785 [FATAL] Updater:301 - Updater called before beeing initialized
2022-11-30 16:10:11,795 [FATAL] Updater:301 - Updater called before beeing initialized
2022-11-30 16:10:11,795 [FATAL] Updater:301 - Updater called before beeing initialized
2022-11-30 16:10:11,795 [WARN] DetailPanel:344 - Failed to get advertising image, set to default
2022-11-30 16:10:11,795 [FATAL] Updater:301 - Updater called before beeing initialized
2022-11-30 16:10:11,885 [ERROR] Updater:1105 - MainUpdater not yet initialized. External WinMGr cannot be set.
2022-11-30 16:10:11,885 [INFO] Updater:1041 - Updater Version found : 6.6.1
2022-11-30 16:10:11,901 [INFO] ApplicationProperties:181 - Using Application install path: C:\ST\STM32CubeIDE_1.10.1\STM32CubeIDE\plugins\com.st.stm32cube.common.mx_6.6.1.202207061420
2022-11-30 16:10:12,055 [INFO] MainUpdater:2768 - connection check result : 10
2022-11-30 16:10:12,055 [INFO] MainUpdater:280 - Updater Check For Update Now.
2022-11-30 16:10:12,055 [INFO] MicroXplorer:481 - Change Database Version : DB.6.0.60
2022-11-30 16:10:12,239 [INFO] CheckServerUpdateThread:119 - End of CheckServer Thread
2022-11-30 16:10:12,255 [INFO] MainUpdater:2768 - connection check result : 10
2022-11-30 16:10:12,255 [INFO] MainUpdater:2768 - connection check result : 10
2022-11-30 16:10:12,302 [INFO] MicroXplorer:451 - Change Database Path : 
2022-11-30 16:10:12,302 [INFO] MicroXplorer:481 - Change Database Version : DB.6.0.60
2022-11-30 16:10:12,302 [WARN] ThirdParty:827 - waiting for thirdparty lock release [close project]
2022-11-30 16:10:13,706 [WARN] PackLoader:242 - Cannot read IP mode file for STMicroelectronics.X-CUBE-GNSS1.6.0.0
2022-11-30 16:10:13,728 [WARN] PackLoader:242 - Cannot read IP mode file for STMicroelectronics.X-CUBE-AZRTOS-F4.1.1.0
2022-11-30 16:10:13,744 [WARN] PackLoader:242 - Cannot read IP mode file for STMicroelectronics.X-CUBE-BLEMGR.1.2.0
2022-11-30 16:10:13,759 [WARN] PackLoader:242 - Cannot read IP mode file for STMicroelectronics.X-CUBE-AZRTOS-F7.1.1.0
2022-11-30 16:10:13,775 [WARN] PackLoader:242 - Cannot read IP mode file for STMicroelectronics.X-CUBE-BLE1.6.2.3
2022-11-30 16:10:13,790 [WARN] PackLoader:242 - Cannot read IP mode file for STMicroelectronics.X-CUBE-BLE1.6.2.4
2022-11-30 16:10:13,790 [WARN] PackLoader:242 - Cannot read IP mode file for STMicroelectronics.X-CUBE-NFC4.2.0.5
2022-11-30 16:10:13,790 [WARN] PackLoader:242 - Cannot read IP mode file for STMicroelectronics.X-CUBE-NFC4.2.0.4
2022-11-30 16:10:13,808 [WARN] PackLoader:242 - Cannot read IP mode file for wolfSSL.I-CUBE-wolfSSL.5.5.1
2022-11-30 16:10:13,809 [WARN] PackLoader:242 - Cannot read IP mode file for STMicroelectronics.X-CUBE-NFC7.1.0.0
2022-11-30 16:10:13,860 [WARN] PackLoader:242 - Cannot read IP mode file for STMicroelectronics.X-CUBE-MEMS1.9.3.0
2022-11-30 16:10:14,006 [WARN] PackLoader:242 - Cannot read IP mode file for STMicroelectronics.X-CUBE-SFXS2LP1.4.0.0
2022-11-30 16:10:14,028 [WARN] PackLoader:242 - Cannot read IP mode file for STMicroelectronics.X-CUBE-BLE2.3.3.0
2022-11-30 16:10:14,044 [WARN] PackLoader:242 - Cannot read IP mode file for STMicroelectronics.X-CUBE-DISPLAY.2.2.0
2022-11-30 16:10:14,044 [WARN] PackLoader:242 - Cannot read IP mode file for STMicroelectronics.X-CUBE-TOF1.3.2.0
2022-11-30 16:10:14,060 [WARN] PackLoader:242 - Cannot read IP mode file for STMicroelectronics.X-CUBE-ISPU.1.0.0
2022-11-30 16:10:14,075 [WARN] PackLoader:242 - Cannot read IP mode file for STMicroelectronics.X-CUBE-ISPU.1.1.0
2022-11-30 16:10:14,075 [WARN] PackLoader:242 - Cannot read IP mode file for RoweBots.I-CUBE-UNISONRTOS.5.5.0-4
2022-11-30 16:10:14,107 [WARN] PackLoader:242 - Cannot read IP mode file for STMicroelectronics.X-CUBE-AZRTOS-H7.2.1.0
2022-11-30 16:10:14,107 [WARN] PackLoader:242 - Cannot read IP mode file for STMicroelectronics.X-CUBE-AI.7.3.0
2022-11-30 16:10:14,129 [WARN] PackLoader:242 - Cannot read IP mode file for STMicroelectronics.X-CUBE-ALGOBUILD.1.3.0
2022-11-30 16:10:14,144 [WARN] PackLoader:242 - Cannot read IP mode file for STMicroelectronics.X-CUBE-AZRTOS-G0.1.1.0
2022-11-30 16:10:14,160 [WARN] PackLoader:242 - Cannot read IP mode file for STMicroelectronics.X-CUBE-SUBG2.5.0.0
2022-11-30 16:10:14,222 [WARN] PackLoader:242 - Cannot read IP mode file for SEGGER.I-CUBE-embOS.1.2.1
2022-11-30 16:10:14,276 [WARN] PackLoader:242 - Cannot read IP mode file for STMicroelectronics.FP-ATR-ASTRA1.1.1.1
2022-11-30 16:10:14,291 [WARN] PackLoader:242 - Cannot read IP mode file for STMicroelectronics.X-CUBE-AZRTOS-G4.1.0.0
2022-11-30 16:10:14,307 [WARN] PackLoader:242 - Cannot read IP mode file for STMicroelectronics.FP-ATR-SIGFOX1.3.2.0
2022-11-30 16:10:14,329 [WARN] PackLoader:242 - Cannot read IP mode file for STMicroelectronics.X-CUBE-AZRTOS-L4.1.0.0
2022-11-30 16:10:14,329 [WARN] PackLoader:242 - Cannot read IP mode file for emotas.I-CUBE-CANOPEN.1.1.2
2022-11-30 16:10:14,329 [WARN] PackLoader:242 - Cannot read IP mode file for STMicroelectronics.X-CUBE-TOUCHGFX.4.20.0
2022-11-30 16:10:14,345 [WARN] PackLoader:242 - Cannot read IP mode file for STMicroelectronics.X-CUBE-AZRTOS-WL.1.0.0
2022-11-30 16:10:14,361 [WARN] PackLoader:242 - Cannot read IP mode file for portGmbH.I-Cube-SoM-uGOAL.1.1.0
2022-11-30 16:10:14,361 [WARN] PackLoader:242 - Cannot read IP mode file for STMicroelectronics.X-CUBE-ALS.1.0.1
2022-11-30 16:10:14,376 [WARN] PackLoader:242 - Cannot read IP mode file for STMicroelectronics.X-CUBE-AZRTOS-L5.1.0.0
2022-11-30 16:10:14,376 [WARN] PackLoader:242 - Cannot read IP mode file for STMicroelectronics.X-CUBE-EEPRMA1.3.1.1
2022-11-30 16:10:14,392 [INFO] ThirdParty:929 - Integrity check success = true
2022-11-30 16:10:14,392 [INFO] IntegrityCheckThread:98 - exiting critical section [integrity check]
2022-11-30 16:10:14,392 [INFO] IntegrityCheckThread:101 - End integrity checks thread
2022-11-30 16:10:14,392 [INFO] ThirdParty:829 - entering critical section [close project]
2022-11-30 16:10:14,392 [INFO] ThirdParty:839 - exiting critical section [close project]
2022-11-30 16:10:14,392 [INFO] PinOutPanel:1468 - setPackage(No Configuration,No Configuration)
2022-11-30 16:10:14,392 [INFO] UtilMem:74 - Begin LoadConfig() Used Memory: 459487688 Bytes (550502400)
2022-11-30 16:10:14,392 [INFO] MicroXplorer:451 - Change Database Path : 
2022-11-30 16:10:14,392 [INFO] MicroXplorer:481 - Change Database Version : DB.6.0.60
2022-11-30 16:10:14,392 [INFO] OpenFileManager:307 - Change cursor
2022-11-30 16:10:14,504 [INFO] Mcu:1922 - Initializing MCU STM32L4R5ZITxP STM32L4R5ZITxP STM32L4R5ZIT6P
2022-11-30 16:10:17,052 [INFO] Context:654 - Trying to add GPIOservice into a context  which must be forbidden
2022-11-30 16:10:18,233 [WARN] ApiManager:308 - Cannot register API 'Board Extension:GNSS1A1' from pack STMicroelectronics.X-CUBE-GNSS1.6.0.0: no header file found
2022-11-30 16:10:18,233 [WARN] ApiManager:308 - Cannot register API 'Board Support:Custom' from pack STMicroelectronics.X-CUBE-GNSS1.6.0.0: no header file found
2022-11-30 16:10:18,233 [WARN] ApiManager:308 - Cannot register API 'Data Exchange:lib_gnss' from pack STMicroelectronics.X-CUBE-GNSS1.6.0.0: no header file found
2022-11-30 16:10:18,251 [WARN] ApiManager:308 - Cannot register API 'Wireless:BlueNRG-MS' from pack STMicroelectronics.X-CUBE-BLE1.6.2.3: no header file found
2022-11-30 16:10:18,253 [WARN] ApiManager:308 - Cannot register API 'Wireless:BlueNRG-MS' from pack STMicroelectronics.X-CUBE-BLE1.6.2.4: no header file found
2022-11-30 16:10:18,253 [INFO] RtosManager:488 - Registered RTOS mode: class=CMSIS, group=RTOS, mode=CMSIS_V1, owner=FREERTOS
2022-11-30 16:10:18,253 [INFO] RtosManager:488 - Registered RTOS mode: class=CMSIS, group=RTOS2, mode=CMSIS_V2, owner=FREERTOS
2022-11-30 16:10:18,253 [INFO] RtosManager:488 - Registered RTOS mode: class=RTOS, group=Core, mode=CMSIS_V1, owner=FREERTOS
2022-11-30 16:10:18,253 [INFO] RtosManager:488 - Registered RTOS mode: class=RTOS, group=Core, mode=CMSIS_V2, owner=FREERTOS
2022-11-30 16:10:18,253 [WARN] ModelIntegratedComponent:185 - Missing modes for component STMicroelectronics:FreeRTOS:0.0.1:STMicroelectronics:RTOS:FreeRTOS:Core:::10.2.0:
2022-11-30 16:10:18,261 [WARN] ApiManager:308 - Cannot register API 'Board Extension:S2868A1' from pack STMicroelectronics.X-CUBE-SUBG2.5.0.0: no header file found
2022-11-30 16:10:18,263 [WARN] ApiManager:308 - Cannot register API 'Board Extension:S2868A2' from pack STMicroelectronics.X-CUBE-SUBG2.5.0.0: no header file found
2022-11-30 16:10:18,263 [WARN] ApiManager:308 - Cannot register API 'Board Extension:S2915A1' from pack STMicroelectronics.X-CUBE-SUBG2.5.0.0: no header file found
2022-11-30 16:10:18,297 [WARN] ApiManager:308 - Cannot register API 'Board Extension:NFC04A1' from pack STMicroelectronics.X-CUBE-NFC4.2.0.5: no header file found
2022-11-30 16:10:18,297 [WARN] ApiManager:308 - Cannot register API 'Board Extension:NFC04A1' from pack STMicroelectronics.X-CUBE-NFC4.2.0.4: no header file found
2022-11-30 16:10:18,297 [WARN] ModelIntegratedComponent:64 - No mode defined for component null
2022-11-30 16:10:18,297 [WARN] ModelIntegratedComponent:64 - No mode defined for component null
2022-11-30 16:10:18,297 [WARN] ModelIntegratedComponent:64 - No mode defined for component null
2022-11-30 16:10:18,297 [WARN] ModelIntegratedComponent:64 - No mode defined for component null
2022-11-30 16:10:18,297 [WARN] ModelIntegratedComponent:64 - No mode defined for component null
2022-11-30 16:10:18,297 [WARN] ModelIntegratedComponent:64 - No mode defined for component null
2022-11-30 16:10:18,297 [WARN] ModelIntegratedComponent:64 - No mode defined for component null
2022-11-30 16:10:18,297 [WARN] ModelIntegratedComponent:64 - No mode defined for component null
2022-11-30 16:10:18,297 [WARN] ModelIntegratedComponent:64 - No mode defined for component null
2022-11-30 16:10:18,313 [WARN] ModelIntegratedComponent:64 - No mode defined for component null
2022-11-30 16:10:18,313 [WARN] ModelIntegratedComponent:64 - No mode defined for component null
2022-11-30 16:10:18,313 [WARN] ModelIntegratedComponent:64 - No mode defined for component null
2022-11-30 16:10:18,313 [WARN] ModelIntegratedComponent:64 - No mode defined for component null
2022-11-30 16:10:18,313 [WARN] ModelIntegratedComponent:64 - No mode defined for component null
2022-11-30 16:10:18,313 [WARN] ModelIntegratedComponent:64 - No mode defined for component null
2022-11-30 16:10:18,313 [WARN] ModelIntegratedComponent:64 - No mode defined for component null
2022-11-30 16:10:18,313 [WARN] ModelIntegratedComponent:64 - No mode defined for component null
2022-11-30 16:10:18,313 [WARN] ModelIntegratedComponent:64 - No mode defined for component null
2022-11-30 16:10:18,313 [WARN] ModelIntegratedComponent:64 - No mode defined for component null
2022-11-30 16:10:18,313 [WARN] ModelIntegratedComponent:64 - No mode defined for component null
2022-11-30 16:10:18,313 [WARN] ModelIntegratedComponent:64 - No mode defined for component null
2022-11-30 16:10:18,313 [WARN] ModelIntegratedComponent:64 - No mode defined for component null
2022-11-30 16:10:18,313 [WARN] ModelIntegratedComponent:64 - No mode defined for component null
2022-11-30 16:10:18,313 [WARN] ModelIntegratedComponent:64 - No mode defined for component null
2022-11-30 16:10:18,313 [WARN] ModelIntegratedComponent:64 - No mode defined for component null
2022-11-30 16:10:18,313 [WARN] ModelIntegratedComponent:64 - No mode defined for component null
2022-11-30 16:10:18,313 [WARN] ModelIntegratedComponent:64 - No mode defined for component null
2022-11-30 16:10:18,313 [WARN] ModelIntegratedComponent:64 - No mode defined for component null
2022-11-30 16:10:18,313 [WARN] ModelIntegratedComponent:64 - No mode defined for component null
2022-11-30 16:10:18,313 [WARN] ModelIntegratedComponent:64 - No mode defined for component null
2022-11-30 16:10:18,313 [WARN] ModelIntegratedComponent:64 - No mode defined for component null
2022-11-30 16:10:18,313 [WARN] ModelIntegratedComponent:64 - No mode defined for component null
2022-11-30 16:10:18,313 [WARN] ModelIntegratedComponent:64 - No mode defined for component null
2022-11-30 16:10:18,313 [WARN] ApiManager:308 - Cannot register API 'Board Extension:NFC07A1' from pack STMicroelectronics.X-CUBE-NFC7.1.0.0: no header file found
2022-11-30 16:10:18,382 [WARN] ApiManager:308 - Cannot register API 'Board Extension:IKS01A3' from pack STMicroelectronics.X-CUBE-MEMS1.9.3.0: no header file found
2022-11-30 16:10:18,382 [WARN] ApiManager:308 - Cannot register API 'Board Extension:IKS01A2' from pack STMicroelectronics.X-CUBE-MEMS1.9.3.0: no header file found
2022-11-30 16:10:18,382 [WARN] ApiManager:308 - Cannot register API 'Board Extension:IKS02A1' from pack STMicroelectronics.X-CUBE-MEMS1.9.3.0: no header file found
2022-11-30 16:10:18,397 [WARN] ApiManager:308 - Cannot register API 'Board Extension:EEPRMA1' from pack STMicroelectronics.X-CUBE-EEPRMA1.3.1.1: no header file found
2022-11-30 16:10:18,397 [WARN] ApiManager:308 - Cannot register API 'Board Extension:EEPRMA2' from pack STMicroelectronics.X-CUBE-EEPRMA1.3.1.1: no header file found
2022-11-30 16:10:18,397 [WARN] ApiManager:308 - Cannot register API 'Board Extension:S2868A1' from pack STMicroelectronics.X-CUBE-SFXS2LP1.4.0.0: no header file found
2022-11-30 16:10:18,397 [WARN] ApiManager:308 - Cannot register API 'Board Extension:S2868A2' from pack STMicroelectronics.X-CUBE-SFXS2LP1.4.0.0: no header file found
2022-11-30 16:10:18,397 [WARN] ApiManager:308 - Cannot register API 'Board Extension:S2915A1' from pack STMicroelectronics.X-CUBE-SFXS2LP1.4.0.0: no header file found
2022-11-30 16:10:18,397 [WARN] ApiManager:308 - Cannot register API 'Wireless:BlueNRG-2' from pack STMicroelectronics.X-CUBE-BLE2.3.3.0: no header file found
2022-11-30 16:10:18,413 [INFO] ThirdPartyModel:289 - Start build external matchings
2022-11-30 16:10:18,612 [INFO] ThirdPartyModel:302 - End build external matchings
2022-11-30 16:10:19,247 [INFO] UtilMem:74 - End LoadConfig() Used Memory: 551642896 Bytes (684720128)
2022-11-30 16:10:19,481 [INFO] ApiDb:576 - Connected to CubeFinder SQLite database (C:\Users\bobze\.stmcufinder\plugins\mcufinder\mcu\cube-finder-db.db)
2022-11-30 16:10:19,544 [INFO] ApiDb:663 - CubeFinder database Data Model version=2.1
2022-11-30 16:10:19,544 [INFO] ApiDb:664 - CubeFinder database Configuration version=3.0.35
2022-11-30 16:10:19,544 [INFO] ApiDb:665 - CubeFinder database generation date=2022-11-18 (1668769384)
2022-11-30 16:10:19,544 [INFO] ApiDb:666 - CubeFinder database FW Pack versions=[FP-ATR-ASTRA1_V1.1.1, STM32Cube_FW_C0_V1.0.0, STM32Cube_FW_F4_V1.27.1, STM32Cube_FW_F7_V1.17.0, STM32Cube_FW_G0_V1.6.1, STM32Cube_FW_G4_V1.5.0, STM32Cube_FW_H5_V0.5.1, STM32Cube_FW_H7_V1.11.0, STM32Cube_FW_L5_V1.5.0, STM32Cube_FW_U5_V1.1.1, STM32Cube_FW_WBA_V0.2.0, STM32Cube_FW_WB_V1.15.0, STM32Cube_FW_WB_V1.15.0RC1, STM32Cube_FW_WL_V1.3.0, X-CUBE-ALGOBUILD_V1.3.0, X-CUBE-ALS_V1.0.1, X-CUBE-AZRTOS-F4_V1.1.0, X-CUBE-AZRTOS-F7_V1.1.0, X-CUBE-AZRTOS-G0_V1.1.0, X-CUBE-AZRTOS-G4_V1.0.0, X-CUBE-AZRTOS-H7_V2.1.0, X-CUBE-AZRTOS-L4_V1.0.0, X-CUBE-AZRTOS-L5_V1.0.0, X-CUBE-AZRTOS-WL_V1.0.0, X-CUBE-BLE1_V6.2.4, X-CUBE-BLE2_V3.3.0, X-CUBE-BLEMGR_V1.2.0, X-CUBE-EEPRMA1_V3.1.1, X-CUBE-GNSS1_V6.0.0, X-CUBE-MEMS1_V9.1.0, X-CUBE-MEMS1_V9.3.0, X-CUBE-NFC4_V2.0.4, X-CUBE-NFC7_V1.0.0, X-CUBE-SFXS2LP1_V4.0.0, X-CUBE-SUBG2_V5.0.0]
2022-11-30 16:10:21,552 [INFO] ApiDb:239 - Found 138 in-development CPN: [B-WB1M-WPAN1, NUCLEO-C031C6, STEVAL-STWINBX1, STM320518-EVAL, STM32C0116-DK, STM32C011D6Y3TR, STM32C011D6Y6TR, STM32C011F4P3, STM32C011F4P6, STM32C011F4U3, STM32C011F4U6TR, STM32C011F6P3, STM32C011F6P6, STM32C011F6U3, STM32C011F6U6TR, STM32C011J4M3, STM32C011J4M6, STM32C011J6M3, STM32C011J6M6, STM32C0316-DK, STM32C031C4T3, STM32C031C4T6, STM32C031C4U3, STM32C031C4U6, STM32C031C6T3, STM32C031C6T6, STM32C031C6U3, STM32C031C6U6, STM32C031F4P3, STM32C031F4P6, STM32C031F6P3, STM32C031F6P6, STM32C031G4U3, STM32C031G4U6, STM32C031G6U3, STM32C031G6U6, STM32C031K4T3, STM32C031K4T6, STM32C031K4U3, STM32C031K4U6, STM32C031K6T3, STM32C031K6T6, STM32C031K6U3, STM32C031K6U6, STM32G071K8TXN, STM32G071K8UXN, STM32G081GBU6N, STM32G081KBT6N, STM32G081KBUXN, STM32G0B1CCT6N, STM32G0B1KCT6, STM32G0B1NEY6TR, STM32G0B1RCT6N, STM32G0C1CCT6, STM32G0C1CCT6N, STM32G0C1CCU6N, STM32G0C1CET6N, STM32G0C1CEU6N, STM32G0C1KCT6, STM32G0C1NEY6TR, STM32G0C1RCI6N, STM32G0C1RCT6N, STM32G0C1REI6N, STM32G0C1RET6N, STM32G0C1VCI6, STM32G0C1VEI6, STM32G471CCT6, STM32G471CCU6, STM32G471CET3, STM32G471CET6, STM32G471CEU3, STM32G471CEU6, STM32G471MCT6, STM32G471MET3, STM32G471MET6, STM32G471MEY6TR, STM32G471QCT6, STM32G471QET3, STM32G471RCT6, STM32G471RET3, STM32G471RET6, STM32G471VCH6, STM32G471VCI6, STM32G471VCT6, STM32G471VEH3, STM32G471VEH6, STM32G471VEI3, STM32G471VEI6, STM32G471VET3, STM32G471VET6, STM32G474CCT6, STM32L476VGY6PTR, STM32L4R5QGI6STR, STM32MP131AAE3, STM32MP131AAF3, STM32MP131AAG3, STM32MP131CAE3, STM32MP131CAF3, STM32MP131CAG3, STM32MP131DAE7, STM32MP131DAF7, STM32MP131DAG7, STM32MP131FAE7, STM32MP131FAF7, STM32MP131FAG7, STM32MP133AAE3, STM32MP133AAF3, STM32MP133AAG3, STM32MP133CAE3, STM32MP133CAF3, STM32MP133CAG3, STM32MP133DAE7, STM32MP133DAF7, STM32MP133DAG7, STM32MP133FAE7, STM32MP133FAF7, STM32MP133FAG7, STM32MP135AAE3, STM32MP135AAF3, STM32MP135AAG3, STM32MP135CAE3, STM32MP135CAF3, STM32MP135CAG3, STM32MP135DAE7, STM32MP135DAF7, STM32MP135DAG7, STM32MP135F-DK, STM32MP135FAE7, STM32MP135FAF7, STM32MP135FAG7, STM32U595ZJT6Q, STM32U599BJY6QTR, STM32U599NIH6Q, STM32U599NJH6Q, STM32U5A5ZJT6Q, STM32U5A9BJY6QTR, STM32U5A9NJH6Q, STM32WB1MMCH6]
2022-11-30 16:10:21,552 [INFO] DbMcus:215 - Found 3580 MCUs, 3580 are supported
2022-11-30 16:10:21,567 [INFO] ApiDb:418 - Load user favorites file C:\Users\bobze/.stm32cubeide/favorites.mcus.txt: 0 item(s)
2022-11-30 16:10:21,567 [INFO] ApiDb:422 - User favorites MCUs=[]
2022-11-30 16:10:21,567 [INFO] DbMcus:221 - Set 0 / 0 favorites MCUs
2022-11-30 16:10:21,668 [WARN] ThirdParty:789 - waiting for thirdparty lock release [change project]
2022-11-30 16:10:21,668 [INFO] ThirdParty:791 - entering critical section [change project]
2022-11-30 16:10:21,668 [INFO] ThirdParty:981 - CMSIS Pack Vendor :STMicroelectronics X-CUBE-ISPU 1.1.0
2022-11-30 16:10:21,668 [INFO] ThirdParty:981 - CMSIS Pack Vendor :RoweBots I-CUBE-UNISONRTOS 5.5.0-4
2022-11-30 16:10:21,668 [INFO] ThirdParty:981 - CMSIS Pack Vendor :STMicroelectronics X-CUBE-GNSS1 6.0.0
2022-11-30 16:10:21,668 [INFO] ThirdParty:981 - CMSIS Pack Vendor :STMicroelectronics X-CUBE-AZRTOS-H7 2.1.0
2022-11-30 16:10:21,668 [INFO] ThirdParty:981 - CMSIS Pack Vendor :STMicroelectronics USB_HOST 2.0.0
2022-11-30 16:10:21,668 [INFO] ThirdParty:981 - CMSIS Pack Vendor :STMicroelectronics X-CUBE-AZRTOS-F4 1.1.0
2022-11-30 16:10:21,668 [INFO] ThirdParty:981 - CMSIS Pack Vendor :STMicroelectronics LIBJPEG 8.0.0
2022-11-30 16:10:21,668 [INFO] ThirdParty:981 - CMSIS Pack Vendor :STMicroelectronics USB_DEVICE 3.0.0
2022-11-30 16:10:21,668 [INFO] ThirdParty:981 - CMSIS Pack Vendor :STMicroelectronics X-CUBE-BLEMGR 1.2.0
2022-11-30 16:10:21,668 [INFO] ThirdParty:981 - CMSIS Pack Vendor :STMicroelectronics X-CUBE-AZRTOS-F7 1.1.0
2022-11-30 16:10:21,668 [INFO] ThirdParty:981 - CMSIS Pack Vendor :STMicroelectronics USB_DEVICE 2.0.0
2022-11-30 16:10:21,668 [INFO] ThirdParty:981 - CMSIS Pack Vendor :STMicroelectronics X-CUBE-AI 7.3.0
2022-11-30 16:10:21,668 [INFO] ThirdParty:981 - CMSIS Pack Vendor :STMicroelectronics X-CUBE-BLE1 6.2.3
2022-11-30 16:10:21,668 [INFO] ThirdParty:981 - CMSIS Pack Vendor :STMicroelectronics X-CUBE-ALGOBUILD 1.3.0
2022-11-30 16:10:21,668 [INFO] ThirdParty:981 - CMSIS Pack Vendor :STMicroelectronics X-CUBE-BLE1 6.2.4
2022-11-30 16:10:21,668 [INFO] ThirdParty:981 - CMSIS Pack Vendor :STMicroelectronics FreeRTOS 0.0.1
2022-11-30 16:10:21,668 [INFO] ThirdParty:981 - CMSIS Pack Vendor :STMicroelectronics X-CUBE-AZRTOS-G0 1.1.0
2022-11-30 16:10:21,668 [INFO] ThirdParty:981 - CMSIS Pack Vendor :STMicroelectronics X-CUBE-SUBG2 5.0.0
2022-11-30 16:10:21,668 [INFO] ThirdParty:981 - CMSIS Pack Vendor :STMicroelectronics STM32_WPAN 1.0.0
2022-11-30 16:10:21,668 [INFO] ThirdParty:981 - CMSIS Pack Vendor :SEGGER I-CUBE-embOS 1.2.1
2022-11-30 16:10:21,668 [INFO] ThirdParty:981 - CMSIS Pack Vendor :STMicroelectronics lwIP 2.0.3
2022-11-30 16:10:21,668 [INFO] ThirdParty:981 - CMSIS Pack Vendor :STMicroelectronics X-CUBE-NFC4 2.0.5
2022-11-30 16:10:21,668 [INFO] ThirdParty:981 - CMSIS Pack Vendor :STMicroelectronics X-CUBE-NFC4 2.0.4
2022-11-30 16:10:21,668 [INFO] ThirdParty:981 - CMSIS Pack Vendor :STMicroelectronics USB_HOST 1.0.0
2022-11-30 16:10:21,668 [INFO] ThirdParty:981 - CMSIS Pack Vendor :STMicroelectronics PDM2PCM 3.1.0
2022-11-30 16:10:21,668 [INFO] ThirdParty:981 - CMSIS Pack Vendor :STMicroelectronics FP-ATR-ASTRA1 1.1.1
2022-11-30 16:10:21,668 [INFO] ThirdParty:981 - CMSIS Pack Vendor :STMicroelectronics PDM2PCM 3.3.0
2022-11-30 16:10:21,668 [INFO] ThirdParty:981 - CMSIS Pack Vendor :STMicroelectronics X-CUBE-AZRTOS-G4 1.0.0
2022-11-30 16:10:21,668 [INFO] ThirdParty:981 - CMSIS Pack Vendor :STMicroelectronics FP-ATR-SIGFOX1 3.2.0
2022-11-30 16:10:21,668 [INFO] ThirdParty:981 - CMSIS Pack Vendor :STMicroelectronics X-CUBE-AZRTOS-L4 1.0.0
2022-11-30 16:10:21,668 [INFO] ThirdParty:981 - CMSIS Pack Vendor :wolfSSL I-CUBE-wolfSSL 5.5.1
2022-11-30 16:10:21,668 [INFO] ThirdParty:981 - CMSIS Pack Vendor :STMicroelectronics HAL Drivers 0.0.0
2022-11-30 16:10:21,668 [INFO] ThirdParty:981 - CMSIS Pack Vendor :STMicroelectronics MBEDTLS 2.16.2
2022-11-30 16:10:21,668 [INFO] ThirdParty:981 - CMSIS Pack Vendor :emotas I-CUBE-CANOPEN 1.1.2
2022-11-30 16:10:21,668 [INFO] ThirdParty:981 - CMSIS Pack Vendor :STMicroelectronics X-CUBE-TOUCHGFX 4.20.0
2022-11-30 16:10:21,668 [INFO] ThirdParty:981 - CMSIS Pack Vendor :STMicroelectronics MBEDTLS 2.14.1
2022-11-30 16:10:21,668 [INFO] ThirdParty:981 - CMSIS Pack Vendor :STMicroelectronics X-CUBE-NFC7 1.0.0
2022-11-30 16:10:21,668 [INFO] ThirdParty:981 - CMSIS Pack Vendor :STMicroelectronics X-CUBE-AZRTOS-WL 1.0.0
2022-11-30 16:10:21,668 [INFO] ThirdParty:981 - CMSIS Pack Vendor :STMicroelectronics X-CUBE-MEMS1 9.3.0
2022-11-30 16:10:21,668 [INFO] ThirdParty:981 - CMSIS Pack Vendor :portGmbH I-Cube-SoM-uGOAL 1.1.0
2022-11-30 16:10:21,668 [INFO] ThirdParty:981 - CMSIS Pack Vendor :STMicroelectronics X-CUBE-ALS 1.0.1
2022-11-30 16:10:21,668 [INFO] ThirdParty:981 - CMSIS Pack Vendor :STMicroelectronics ThreadX 1.0.0
2022-11-30 16:10:21,668 [INFO] ThirdParty:981 - CMSIS Pack Vendor :STMicroelectronics X-CUBE-AZRTOS-L5 1.0.0
2022-11-30 16:10:21,668 [INFO] ThirdParty:981 - CMSIS Pack Vendor :STMicroelectronics USB_DEVICE 1.0.0
2022-11-30 16:10:21,668 [INFO] ThirdParty:981 - CMSIS Pack Vendor :STMicroelectronics X-CUBE-EEPRMA1 3.1.1
2022-11-30 16:10:21,668 [INFO] ThirdParty:981 - CMSIS Pack Vendor :STMicroelectronics ThreadX 0.0.2
2022-11-30 16:10:21,668 [INFO] ThirdParty:981 - CMSIS Pack Vendor :STMicroelectronics lwIP 2.1.2
2022-11-30 16:10:21,668 [INFO] ThirdParty:981 - CMSIS Pack Vendor :STMicroelectronics X-CUBE-SFXS2LP1 4.0.0
2022-11-30 16:10:21,668 [INFO] ThirdParty:981 - CMSIS Pack Vendor :STMicroelectronics X-CUBE-BLE2 3.3.0
2022-11-30 16:10:21,668 [INFO] ThirdParty:981 - CMSIS Pack Vendor :STMicroelectronics X-CUBE-DISPLAY 2.2.0
2022-11-30 16:10:21,668 [INFO] ThirdParty:981 - CMSIS Pack Vendor :STMicroelectronics X-CUBE-TOF1 3.2.0
2022-11-30 16:10:21,668 [INFO] ThirdParty:981 - CMSIS Pack Vendor :STMicroelectronics PDM2PCM 3.2.0
2022-11-30 16:10:21,668 [INFO] ThirdParty:981 - CMSIS Pack Vendor :STMicroelectronics X-CUBE-ISPU 1.0.0
2022-11-30 16:10:21,668 [INFO] ThirdParty:797 - exiting critical section [change project]
2022-11-30 16:10:22,323 [INFO] PinOutPanel:1468 - setPackage(No Configuration,No Configuration)
2022-11-30 16:10:22,323 [INFO] PinOutPanel:1468 - setPackage(STM32L4R5ZITxP,LQFP144)
2022-11-30 16:10:23,025 [INFO] UtilMem:74 - Before build in PCC Used Memory: 579325544 Bytes (684720128)
2022-11-30 16:10:24,070 [INFO] UtilMem:74 - After build in PCC Used Memory: 513889888 Bytes (684720128)
2022-11-30 16:10:24,110 [INFO] IPUIPlugin:79 - create IPUIPlugin
2022-11-30 16:10:24,112 [INFO] IPUIPlugin:79 - create IPUIPlugin
2022-11-30 16:10:24,112 [INFO] IPUIPlugin:79 - create IPUIPlugin
2022-11-30 16:10:24,112 [INFO] IPUIPlugin:79 - create IPUIPlugin
2022-11-30 16:10:24,112 [INFO] IPUIPlugin:79 - create IPUIPlugin
2022-11-30 16:10:24,112 [INFO] IPUIPlugin:79 - create IPUIPlugin
2022-11-30 16:10:24,112 [INFO] IPUIPlugin:79 - create IPUIPlugin
2022-11-30 16:10:24,112 [INFO] IPUIPlugin:79 - create IPUIPlugin
2022-11-30 16:10:24,112 [INFO] IPUIPlugin:79 - create IPUIPlugin
2022-11-30 16:10:24,130 [INFO] IPUIPlugin:79 - create IPUIPlugin
2022-11-30 16:10:24,130 [INFO] IPUIPlugin:79 - create IPUIPlugin
2022-11-30 16:10:24,130 [INFO] IPUIPlugin:79 - create IPUIPlugin
2022-11-30 16:10:24,130 [INFO] IPUIPlugin:79 - create IPUIPlugin
2022-11-30 16:10:24,130 [INFO] IPUIPlugin:79 - create IPUIPlugin
2022-11-30 16:10:24,130 [INFO] IPUIPlugin:79 - create IPUIPlugin
2022-11-30 16:10:24,130 [INFO] IPUIPlugin:79 - create IPUIPlugin
2022-11-30 16:10:24,130 [INFO] IPUIPlugin:79 - create IPUIPlugin
2022-11-30 16:10:24,130 [INFO] IPUIPlugin:79 - create IPUIPlugin
2022-11-30 16:10:24,130 [INFO] IPUIPlugin:79 - create IPUIPlugin
2022-11-30 16:10:24,130 [INFO] IPUIPlugin:79 - create IPUIPlugin
2022-11-30 16:10:24,130 [INFO] IPUIPlugin:79 - create IPUIPlugin
2022-11-30 16:10:24,130 [INFO] IPUIPlugin:79 - create IPUIPlugin
2022-11-30 16:10:24,146 [INFO] IPUIPlugin:79 - create IPUIPlugin
2022-11-30 16:10:24,146 [INFO] IPUIPlugin:79 - create IPUIPlugin
2022-11-30 16:10:24,146 [INFO] IPUIPlugin:79 - create IPUIPlugin
2022-11-30 16:10:24,146 [INFO] IPUIPlugin:79 - create IPUIPlugin
2022-11-30 16:10:24,146 [INFO] IPUIPlugin:79 - create IPUIPlugin
2022-11-30 16:10:24,146 [INFO] IPUIPlugin:79 - create IPUIPlugin
2022-11-30 16:10:24,146 [INFO] IPUIPlugin:79 - create IPUIPlugin
2022-11-30 16:10:24,146 [INFO] IPUIPlugin:79 - create IPUIPlugin
2022-11-30 16:10:24,146 [INFO] IPUIPlugin:79 - create IPUIPlugin
2022-11-30 16:10:24,146 [INFO] IPUIPlugin:79 - create IPUIPlugin
2022-11-30 16:10:24,146 [INFO] IPUIPlugin:79 - create IPUIPlugin
2022-11-30 16:10:24,146 [INFO] IPUIPlugin:79 - create IPUIPlugin
2022-11-30 16:10:24,146 [INFO] IPUIPlugin:79 - create IPUIPlugin
2022-11-30 16:10:24,146 [INFO] IPUIPlugin:79 - create IPUIPlugin
2022-11-30 16:10:24,146 [INFO] IPUIPlugin:79 - create IPUIPlugin
2022-11-30 16:10:24,146 [INFO] IPUIPlugin:79 - create IPUIPlugin
2022-11-30 16:10:24,146 [INFO] IPUIPlugin:79 - create IPUIPlugin
2022-11-30 16:10:24,146 [INFO] IPUIPlugin:79 - create IPUIPlugin
2022-11-30 16:10:24,146 [INFO] IPUIPlugin:79 - create IPUIPlugin
2022-11-30 16:10:24,146 [INFO] IPUIPlugin:79 - create IPUIPlugin
2022-11-30 16:10:24,146 [INFO] IPUIPlugin:79 - create IPUIPlugin
2022-11-30 16:10:24,146 [INFO] IPUIPlugin:79 - create IPUIPlugin
2022-11-30 16:10:24,146 [INFO] IPUIPlugin:79 - create IPUIPlugin
2022-11-30 16:10:24,146 [INFO] IPUIPlugin:79 - create IPUIPlugin
2022-11-30 16:10:24,146 [INFO] IPUIPlugin:79 - create IPUIPlugin
2022-11-30 16:10:24,146 [INFO] IPUIPlugin:79 - create IPUIPlugin
2022-11-30 16:10:24,146 [INFO] IPUIPlugin:79 - create IPUIPlugin
2022-11-30 16:10:24,146 [INFO] IPUIPlugin:79 - create IPUIPlugin
2022-11-30 16:10:24,146 [INFO] IPUIPlugin:79 - create IPUIPlugin
2022-11-30 16:10:24,146 [INFO] IPUIPlugin:79 - create IPUIPlugin
2022-11-30 16:10:24,146 [INFO] IPUIPlugin:79 - create IPUIPlugin
2022-11-30 16:10:24,146 [INFO] IPUIPlugin:79 - create IPUIPlugin
2022-11-30 16:10:24,162 [INFO] IPUIPlugin:79 - create IPUIPlugin
2022-11-30 16:10:24,162 [INFO] IPUIPlugin:79 - create IPUIPlugin
2022-11-30 16:10:24,162 [INFO] IPUIPlugin:79 - create IPUIPlugin
2022-11-30 16:10:24,162 [INFO] IPUIPlugin:79 - create IPUIPlugin
2022-11-30 16:10:24,162 [INFO] IPUIPlugin:79 - create IPUIPlugin
2022-11-30 16:10:24,162 [INFO] IPUIPlugin:79 - create IPUIPlugin
2022-11-30 16:10:24,162 [INFO] IPUIPlugin:79 - create IPUIPlugin
2022-11-30 16:10:24,463 [INFO] OpenFileManager:327 - Restore cursor
